[NX v22.0.4 Daemon Server] - 2025-11-19T21:40:26.248Z - Started listening on: \\.\pipe\nx\C:\Users\shobh\AppData\Local\Temp\363491b35515ed4c52ed\d.sock
[NX v22.0.4 Daemon Server] - 2025-11-19T21:40:26.255Z - [WATCHER]: Subscribed to changes within: F:\BRAIN DRAIN\GIT\trade-store-full-router (native)
[NX v22.0.4 Daemon Server] - 2025-11-19T21:40:26.260Z - Established a connection. Number of open connections: 1
[NX v22.0.4 Daemon Server] - 2025-11-19T21:40:26.262Z - Established a connection. Number of open connections: 2
[NX v22.0.4 Daemon Server] - 2025-11-19T21:40:26.268Z - Closed a connection. Number of open connections: 1
[NX v22.0.4 Daemon Server] - 2025-11-19T21:40:26.272Z - Received raw message of length 32
[NX v22.0.4 Daemon Server] - 2025-11-19T21:40:26.273Z - Received json message of type REQUEST_PROJECT_GRAPH
[NX v22.0.4 Daemon Server] - 2025-11-19T21:40:26.280Z - [REQUEST]: Client Request for Project Graph Received
[NX v22.0.4 Daemon Server] - 2025-11-19T21:40:26.440Z - Time taken for 'loadSpecifiedNxPlugins' 14.146799999999985ms
Time for 'plugin worker 15164 code loading' 17.259600000000006
Time for 'plugin worker 14872 code loading' 17.345
Time for 'plugin worker 4748 code loading' 17.345
[NX v22.0.4 Daemon Server] - 2025-11-19T21:40:27.985Z - Time taken for 'Load Nx Plugin: F:\BRAIN DRAIN\GIT\trade-store-full-router\node_modules\nx\src\plugins\project-json\build-nodes\project-json' 1688.9639000000002ms
[NX v22.0.4 Daemon Server] - 2025-11-19T21:40:28.038Z - Time taken for 'Load Nx Plugin: F:\BRAIN DRAIN\GIT\trade-store-full-router\node_modules\nx\src\plugins\package-json' 1747.1968000000002ms
[NX v22.0.4 Daemon Server] - 2025-11-19T21:40:28.850Z - [REQUEST]: Updated workspace context based on watched changes, recomputing project graph...
[NX v22.0.4 Daemon Server] - 2025-11-19T21:40:28.850Z - [REQUEST]: 
[NX v22.0.4 Daemon Server] - 2025-11-19T21:40:28.850Z - [REQUEST]: 
[NX v22.0.4 Daemon Server] - 2025-11-19T21:40:28.853Z - No files changed, but no in-memory cached project graph found. Recomputing it...
[NX v22.0.4 Daemon Server] - 2025-11-19T21:40:28.862Z - Time taken for 'loadDefaultNxPlugins' 2563.8552000000004ms
Time for 'nx/core/project-json:createNodes' 1.2583999999997104
Time for 'nx/core/package-json:createNodes' 3.012399999999616
Time for 'nx/js/dependencies-and-lockfile:createNodes' 42.98700000000008
[NX v22.0.4 Daemon Server] - 2025-11-19T21:40:29.215Z - Time taken for 'build-project-configs' 311.8132000000005ms
Time for 'build typescript dependencies' 7.26969999999983
[NX v22.0.4 Daemon Server] - 2025-11-19T21:40:29.394Z - [SYNC]: collect registered sync generators
[NX v22.0.4 Daemon Server] - 2025-11-19T21:40:29.410Z - Wrote project graph cache to F:\BRAIN DRAIN\GIT\trade-store-full-router\.nx\workspace-data\project-graph.json
[NX v22.0.4 Daemon Server] - 2025-11-19T21:40:29.411Z - Serializing response for REQUEST_PROJECT_GRAPH message in json mode
[NX v22.0.4 Daemon Server] - 2025-11-19T21:40:29.411Z - Responding to REQUEST_PROJECT_GRAPH message
[NX v22.0.4 Daemon Server] - 2025-11-19T21:40:29.411Z - [REQUEST]: Responding to the client. project-graph
[NX v22.0.4 Daemon Server] - 2025-11-19T21:40:29.413Z - Time taken for 'total for creating and serializing project graph' 3130.8122999999996ms
[NX v22.0.4 Daemon Server] - 2025-11-19T21:40:29.416Z - Done responding to the client project-graph
[NX v22.0.4 Daemon Server] - 2025-11-19T21:40:29.416Z - Handled json message REQUEST_PROJECT_GRAPH. Handling time: 3131. Response time: 5.
[NX v22.0.4 Daemon Server] - 2025-11-19T21:40:29.432Z - Received raw message of length 493
[NX v22.0.4 Daemon Server] - 2025-11-19T21:40:29.433Z - Received json message of type PRE_TASKS_EXECUTION
[NX v22.0.4 Daemon Server] - 2025-11-19T21:40:29.436Z - Serializing response for PRE_TASKS_EXECUTION message in json mode
[NX v22.0.4 Daemon Server] - 2025-11-19T21:40:29.436Z - Responding to PRE_TASKS_EXECUTION message
[NX v22.0.4 Daemon Server] - 2025-11-19T21:40:29.436Z - [REQUEST]: Responding to the client. handleRunPreTasksExecution
[NX v22.0.4 Daemon Server] - 2025-11-19T21:40:29.436Z - Time taken for 'preTasksExecution' 2.4148999999997613ms
[NX v22.0.4 Daemon Server] - 2025-11-19T21:40:29.437Z - Done responding to the client handleRunPreTasksExecution
[NX v22.0.4 Daemon Server] - 2025-11-19T21:40:29.437Z - Handled json message PRE_TASKS_EXECUTION. Handling time: 3. Response time: 1.
[NX v22.0.4 Daemon Server] - 2025-11-19T21:40:30.714Z - Received raw message of length 6659
[NX v22.0.4 Daemon Server] - 2025-11-19T21:40:30.714Z - Received json message of type HASH_TASKS
[NX v22.0.4 Daemon Server] - 2025-11-19T21:40:30.716Z - Reusing in-memory cached project graph because no files changed.
[NX v22.0.4 Daemon Server] - 2025-11-19T21:40:30.726Z - Wrote project graph cache to F:\BRAIN DRAIN\GIT\trade-store-full-router\.nx\workspace-data\project-graph.json
DEBUG nx::native::tasks::hash_planner: get_plans_internal COMPLETED in 4.9007ms - processed 1 tasks (setup: 4.5038ms, parallel_planning: 380µs)
DEBUG nx::native::tasks::hashers::hash_workspace_files: Hashing workspace fileset{cache_key="nx.json,.gitignore,.nxignore"}: Adding "16567825333851776730" (".gitignore") to hash
DEBUG nx::native::tasks::hashers::hash_workspace_files: Hashing workspace fileset{cache_key="nx.json,.gitignore,.nxignore"}: Adding "9181765699712514183" ("nx.json") to hash
DEBUG nx::native::tasks::hashers::hash_workspace_files: Hashing workspace fileset{cache_key="nx.json,.gitignore,.nxignore"}: Hash Value: "10743472699591788082"
DEBUG nx::native::tasks::task_hasher: hash_plans COMPLETED in 5.6411ms - processed 1 plans (setup: 357.3µs, hashing: 5.2789ms, assembly: 1.5736ms)
[NX v22.0.4 Daemon Server] - 2025-11-19T21:40:30.752Z - Serializing response for HASH_TASKS message in json mode
[NX v22.0.4 Daemon Server] - 2025-11-19T21:40:30.752Z - Responding to HASH_TASKS message
[NX v22.0.4 Daemon Server] - 2025-11-19T21:40:30.752Z - [REQUEST]: Responding to the client. handleHashTasks
[NX v22.0.4 Daemon Server] - 2025-11-19T21:40:30.753Z - Time taken for 'write cache' 10.353299999999763ms
[NX v22.0.4 Daemon Server] - 2025-11-19T21:40:30.753Z - Done responding to the client handleHashTasks
[NX v22.0.4 Daemon Server] - 2025-11-19T21:40:30.754Z - Handled json message HASH_TASKS. Handling time: 38. Response time: 1.
[NX v22.0.4 Daemon Server] - 2025-11-19T21:40:30.789Z - Received raw message of length 89
[NX v22.0.4 Daemon Server] - 2025-11-19T21:40:30.789Z - Received json message of type GET_ESTIMATED_TASK_TIMINGS
[NX v22.0.4 Daemon Server] - 2025-11-19T21:40:30.815Z - Serializing response for GET_ESTIMATED_TASK_TIMINGS message in json mode
[NX v22.0.4 Daemon Server] - 2025-11-19T21:40:30.815Z - Responding to GET_ESTIMATED_TASK_TIMINGS message
[NX v22.0.4 Daemon Server] - 2025-11-19T21:40:30.815Z - [REQUEST]: Responding to the client. handleGetEstimatedTaskTimings
[NX v22.0.4 Daemon Server] - 2025-11-19T21:40:30.816Z - Done responding to the client handleGetEstimatedTaskTimings
[NX v22.0.4 Daemon Server] - 2025-11-19T21:40:30.816Z - Handled json message GET_ESTIMATED_TASK_TIMINGS. Handling time: 26. Response time: 1.
[NX v22.0.4 Daemon Server] - 2025-11-19T21:40:38.035Z - Received raw message of length 41
[NX v22.0.4 Daemon Server] - 2025-11-19T21:40:38.035Z - Received json message of type RECORD_TASK_RUNS
[NX v22.0.4 Daemon Server] - 2025-11-19T21:40:38.035Z - Serializing response for RECORD_TASK_RUNS message in json mode
[NX v22.0.4 Daemon Server] - 2025-11-19T21:40:38.035Z - Responding to RECORD_TASK_RUNS message
[NX v22.0.4 Daemon Server] - 2025-11-19T21:40:38.035Z - [REQUEST]: Responding to the client. handleRecordTaskRuns
[NX v22.0.4 Daemon Server] - 2025-11-19T21:40:38.036Z - Done responding to the client handleRecordTaskRuns
[NX v22.0.4 Daemon Server] - 2025-11-19T21:40:38.036Z - Handled json message RECORD_TASK_RUNS. Handling time: 0. Response time: 1.
[NX v22.0.4 Daemon Server] - 2025-11-19T21:40:38.039Z - Received raw message of length 38
[NX v22.0.4 Daemon Server] - 2025-11-19T21:40:38.039Z - Received json message of type GET_FLAKY_TASKS
[NX v22.0.4 Daemon Server] - 2025-11-19T21:40:38.040Z - Serializing response for GET_FLAKY_TASKS message in json mode
[NX v22.0.4 Daemon Server] - 2025-11-19T21:40:38.040Z - Responding to GET_FLAKY_TASKS message
[NX v22.0.4 Daemon Server] - 2025-11-19T21:40:38.040Z - [REQUEST]: Responding to the client. handleGetFlakyTasks
[NX v22.0.4 Daemon Server] - 2025-11-19T21:40:38.041Z - Done responding to the client handleGetFlakyTasks
[NX v22.0.4 Daemon Server] - 2025-11-19T21:40:38.042Z - Handled json message GET_FLAKY_TASKS. Handling time: 0. Response time: 2.
[NX v22.0.4 Daemon Server] - 2025-11-19T21:40:38.056Z - Received raw message of length 561
[NX v22.0.4 Daemon Server] - 2025-11-19T21:40:38.056Z - Received json message of type POST_TASKS_EXECUTION
[NX v22.0.4 Daemon Server] - 2025-11-19T21:40:38.059Z - Serializing response for POST_TASKS_EXECUTION message in json mode
[NX v22.0.4 Daemon Server] - 2025-11-19T21:40:38.059Z - Responding to POST_TASKS_EXECUTION message
[NX v22.0.4 Daemon Server] - 2025-11-19T21:40:38.059Z - [REQUEST]: Responding to the client. handleRunPostTasksExecution
[NX v22.0.4 Daemon Server] - 2025-11-19T21:40:38.060Z - Time taken for 'postTasksExecution' 2.257899999998699ms
[NX v22.0.4 Daemon Server] - 2025-11-19T21:40:38.060Z - Done responding to the client handleRunPostTasksExecution
[NX v22.0.4 Daemon Server] - 2025-11-19T21:40:38.060Z - Handled json message POST_TASKS_EXECUTION. Handling time: 3. Response time: 1.
[NX v22.0.4 Daemon Server] - 2025-11-19T21:40:38.094Z - Closed a connection. Number of open connections: 0
[NX v22.0.4 Daemon Server] - 2025-11-19T21:45:40.305Z - [WATCHER]: package.json was modified
[NX v22.0.4 Daemon Server] - 2025-11-19T21:45:40.306Z - [WATCHER]: Processing file changes in outputs
[NX v22.0.4 Daemon Server] - 2025-11-19T21:45:40.429Z - [REQUEST]: Updated workspace context based on watched changes, recomputing project graph...
[NX v22.0.4 Daemon Server] - 2025-11-19T21:45:40.429Z - [REQUEST]: package.json
[NX v22.0.4 Daemon Server] - 2025-11-19T21:45:40.429Z - [REQUEST]: 
[NX v22.0.4 Daemon Server] - 2025-11-19T21:45:40.435Z - Time taken for 'hash changed files from watcher' 14.334499999997206ms
Time for 'nx/core/project-json:createNodes' 1.0007999999797903
Time for 'nx/core/package-json:createNodes' 1.5255000000470318
Time for 'nx/js/dependencies-and-lockfile:createNodes' 18.792599999986123
[NX v22.0.4 Daemon Server] - 2025-11-19T21:45:40.500Z - Time taken for 'build-project-configs' 32.05050000001211ms
Time for 'build typescript dependencies' 0.18510000000242144
[NX v22.0.4 Daemon Server] - 2025-11-19T21:45:40.535Z - [SYNC]: collect registered sync generators
[NX v22.0.4 Daemon Server] - 2025-11-19T21:45:40.537Z - [SYNC]: project graph hash is the same, not collecting task sync generators
[NX v22.0.4 Daemon Server] - 2025-11-19T21:45:40.537Z - [SYNC]: nx.json hash is the same, not collecting global sync generators
[NX v22.0.4 Daemon Server] - 2025-11-19T21:45:40.537Z - Time taken for 'total execution time for createProjectGraph()' 43.57060000003548ms
[NX v22.0.4 Daemon Server] - 2025-11-19T21:46:00.321Z - Established a connection. Number of open connections: 1
[NX v22.0.4 Daemon Server] - 2025-11-19T21:46:00.322Z - Closed a connection. Number of open connections: 0
[NX v22.0.4 Daemon Server] - 2025-11-19T21:46:00.324Z - Established a connection. Number of open connections: 1
[NX v22.0.4 Daemon Server] - 2025-11-19T21:46:00.330Z - Received raw message of length 32
[NX v22.0.4 Daemon Server] - 2025-11-19T21:46:00.331Z - Received json message of type REQUEST_PROJECT_GRAPH
[NX v22.0.4 Daemon Server] - 2025-11-19T21:46:00.331Z - [REQUEST]: Client Request for Project Graph Received
[NX v22.0.4 Daemon Server] - 2025-11-19T21:46:00.332Z - Reusing in-memory cached project graph because no files changed.
[NX v22.0.4 Daemon Server] - 2025-11-19T21:46:00.345Z - Wrote project graph cache to F:\BRAIN DRAIN\GIT\trade-store-full-router\.nx\workspace-data\project-graph.json
[NX v22.0.4 Daemon Server] - 2025-11-19T21:46:00.345Z - Serializing response for REQUEST_PROJECT_GRAPH message in json mode
[NX v22.0.4 Daemon Server] - 2025-11-19T21:46:00.345Z - Responding to REQUEST_PROJECT_GRAPH message
[NX v22.0.4 Daemon Server] - 2025-11-19T21:46:00.345Z - [REQUEST]: Responding to the client. project-graph
[NX v22.0.4 Daemon Server] - 2025-11-19T21:46:00.347Z - Time taken for 'total for creating and serializing project graph' 14.465700000000652ms
[NX v22.0.4 Daemon Server] - 2025-11-19T21:46:00.349Z - Done responding to the client project-graph
[NX v22.0.4 Daemon Server] - 2025-11-19T21:46:00.350Z - Handled json message REQUEST_PROJECT_GRAPH. Handling time: 14. Response time: 4.
[NX v22.0.4 Daemon Server] - 2025-11-19T21:46:00.362Z - Received raw message of length 492
[NX v22.0.4 Daemon Server] - 2025-11-19T21:46:00.362Z - Received json message of type PRE_TASKS_EXECUTION
[NX v22.0.4 Daemon Server] - 2025-11-19T21:46:00.363Z - Serializing response for PRE_TASKS_EXECUTION message in json mode
[NX v22.0.4 Daemon Server] - 2025-11-19T21:46:00.364Z - Responding to PRE_TASKS_EXECUTION message
[NX v22.0.4 Daemon Server] - 2025-11-19T21:46:00.364Z - [REQUEST]: Responding to the client. handleRunPreTasksExecution
[NX v22.0.4 Daemon Server] - 2025-11-19T21:46:00.364Z - Time taken for 'preTasksExecution' 1.5564000000013039ms
[NX v22.0.4 Daemon Server] - 2025-11-19T21:46:00.364Z - Done responding to the client handleRunPreTasksExecution
[NX v22.0.4 Daemon Server] - 2025-11-19T21:46:00.364Z - Handled json message PRE_TASKS_EXECUTION. Handling time: 1. Response time: 1.
[NX v22.0.4 Daemon Server] - 2025-11-19T21:46:00.720Z - Received raw message of length 6659
[NX v22.0.4 Daemon Server] - 2025-11-19T21:46:00.721Z - Received json message of type HASH_TASKS
[NX v22.0.4 Daemon Server] - 2025-11-19T21:46:00.722Z - Reusing in-memory cached project graph because no files changed.
[NX v22.0.4 Daemon Server] - 2025-11-19T21:46:00.732Z - Wrote project graph cache to F:\BRAIN DRAIN\GIT\trade-store-full-router\.nx\workspace-data\project-graph.json
DEBUG nx::native::tasks::hash_planner: get_plans_internal COMPLETED in 5.0962ms - processed 1 tasks (setup: 4.7638ms, parallel_planning: 320.3µs)
DEBUG nx::native::tasks::hashers::hash_workspace_files: Hashing workspace fileset{cache_key="nx.json,.gitignore,.nxignore"}: Adding "16567825333851776730" (".gitignore") to hash
DEBUG nx::native::tasks::hashers::hash_workspace_files: Hashing workspace fileset{cache_key="nx.json,.gitignore,.nxignore"}: Adding "9181765699712514183" ("nx.json") to hash
DEBUG nx::native::tasks::hashers::hash_workspace_files: Hashing workspace fileset{cache_key="nx.json,.gitignore,.nxignore"}: Hash Value: "10743472699591788082"
DEBUG nx::native::tasks::task_hasher: hash_plans COMPLETED in 5.9671ms - processed 1 plans (setup: 383.7µs, hashing: 5.5778ms, assembly: 3.1453ms)
[NX v22.0.4 Daemon Server] - 2025-11-19T21:46:00.758Z - Serializing response for HASH_TASKS message in json mode
[NX v22.0.4 Daemon Server] - 2025-11-19T21:46:00.758Z - Responding to HASH_TASKS message
[NX v22.0.4 Daemon Server] - 2025-11-19T21:46:00.758Z - [REQUEST]: Responding to the client. handleHashTasks
[NX v22.0.4 Daemon Server] - 2025-11-19T21:46:00.759Z - Time taken for 'write cache' 10.29590000002645ms
[NX v22.0.4 Daemon Server] - 2025-11-19T21:46:00.760Z - Done responding to the client handleHashTasks
[NX v22.0.4 Daemon Server] - 2025-11-19T21:46:00.760Z - Handled json message HASH_TASKS. Handling time: 37. Response time: 2.
[NX v22.0.4 Daemon Server] - 2025-11-19T21:46:00.849Z - Received raw message of length 89
[NX v22.0.4 Daemon Server] - 2025-11-19T21:46:00.849Z - Received json message of type GET_ESTIMATED_TASK_TIMINGS
[NX v22.0.4 Daemon Server] - 2025-11-19T21:46:00.849Z - Serializing response for GET_ESTIMATED_TASK_TIMINGS message in json mode
[NX v22.0.4 Daemon Server] - 2025-11-19T21:46:00.849Z - Responding to GET_ESTIMATED_TASK_TIMINGS message
[NX v22.0.4 Daemon Server] - 2025-11-19T21:46:00.849Z - [REQUEST]: Responding to the client. handleGetEstimatedTaskTimings
[NX v22.0.4 Daemon Server] - 2025-11-19T21:46:00.849Z - Done responding to the client handleGetEstimatedTaskTimings
[NX v22.0.4 Daemon Server] - 2025-11-19T21:46:00.849Z - Handled json message GET_ESTIMATED_TASK_TIMINGS. Handling time: 0. Response time: 0.
[NX v22.0.4 Daemon Server] - 2025-11-19T21:49:25.065Z - Closed a connection. Number of open connections: 0
[NX v22.0.4 Daemon Server] - 2025-11-19T21:49:46.881Z - Established a connection. Number of open connections: 1
[NX v22.0.4 Daemon Server] - 2025-11-19T21:49:46.882Z - Closed a connection. Number of open connections: 0
[NX v22.0.4 Daemon Server] - 2025-11-19T21:49:46.884Z - Established a connection. Number of open connections: 1
[NX v22.0.4 Daemon Server] - 2025-11-19T21:49:46.890Z - Received raw message of length 32
[NX v22.0.4 Daemon Server] - 2025-11-19T21:49:46.891Z - Received json message of type REQUEST_PROJECT_GRAPH
[NX v22.0.4 Daemon Server] - 2025-11-19T21:49:46.891Z - [REQUEST]: Client Request for Project Graph Received
[NX v22.0.4 Daemon Server] - 2025-11-19T21:49:46.893Z - Reusing in-memory cached project graph because no files changed.
[NX v22.0.4 Daemon Server] - 2025-11-19T21:49:46.905Z - Wrote project graph cache to F:\BRAIN DRAIN\GIT\trade-store-full-router\.nx\workspace-data\project-graph.json
[NX v22.0.4 Daemon Server] - 2025-11-19T21:49:46.906Z - Serializing response for REQUEST_PROJECT_GRAPH message in json mode
[NX v22.0.4 Daemon Server] - 2025-11-19T21:49:46.906Z - Responding to REQUEST_PROJECT_GRAPH message
[NX v22.0.4 Daemon Server] - 2025-11-19T21:49:46.906Z - [REQUEST]: Responding to the client. project-graph
[NX v22.0.4 Daemon Server] - 2025-11-19T21:49:46.908Z - Time taken for 'total for creating and serializing project graph' 15.046100000035949ms
[NX v22.0.4 Daemon Server] - 2025-11-19T21:49:46.910Z - Done responding to the client project-graph
[NX v22.0.4 Daemon Server] - 2025-11-19T21:49:46.910Z - Handled json message REQUEST_PROJECT_GRAPH. Handling time: 15. Response time: 4.
[NX v22.0.4 Daemon Server] - 2025-11-19T21:49:46.925Z - Received raw message of length 492
[NX v22.0.4 Daemon Server] - 2025-11-19T21:49:46.926Z - Received json message of type PRE_TASKS_EXECUTION
[NX v22.0.4 Daemon Server] - 2025-11-19T21:49:46.927Z - Serializing response for PRE_TASKS_EXECUTION message in json mode
[NX v22.0.4 Daemon Server] - 2025-11-19T21:49:46.927Z - Responding to PRE_TASKS_EXECUTION message
[NX v22.0.4 Daemon Server] - 2025-11-19T21:49:46.928Z - [REQUEST]: Responding to the client. handleRunPreTasksExecution
[NX v22.0.4 Daemon Server] - 2025-11-19T21:49:46.928Z - Time taken for 'preTasksExecution' 1.5622999999905005ms
[NX v22.0.4 Daemon Server] - 2025-11-19T21:49:46.928Z - Done responding to the client handleRunPreTasksExecution
[NX v22.0.4 Daemon Server] - 2025-11-19T21:49:46.929Z - Handled json message PRE_TASKS_EXECUTION. Handling time: 1. Response time: 2.
[NX v22.0.4 Daemon Server] - 2025-11-19T21:49:47.091Z - Received raw message of length 6707
[NX v22.0.4 Daemon Server] - 2025-11-19T21:49:47.091Z - Received json message of type HASH_TASKS
[NX v22.0.4 Daemon Server] - 2025-11-19T21:49:47.093Z - Reusing in-memory cached project graph because no files changed.
[NX v22.0.4 Daemon Server] - 2025-11-19T21:49:47.105Z - Wrote project graph cache to F:\BRAIN DRAIN\GIT\trade-store-full-router\.nx\workspace-data\project-graph.json
DEBUG nx::native::tasks::hash_planner: get_plans_internal COMPLETED in 8.8314ms - processed 1 tasks (setup: 8.2989ms, parallel_planning: 504.4µs)
DEBUG nx::native::tasks::task_hasher: hash_plans COMPLETED in 8.3233ms - processed 1 plans (setup: 539.6µs, hashing: 7.7745ms, assembly: 2.8258ms)
[NX v22.0.4 Daemon Server] - 2025-11-19T21:49:47.128Z - Serializing response for HASH_TASKS message in json mode
[NX v22.0.4 Daemon Server] - 2025-11-19T21:49:47.128Z - Responding to HASH_TASKS message
[NX v22.0.4 Daemon Server] - 2025-11-19T21:49:47.128Z - [REQUEST]: Responding to the client. handleHashTasks
[NX v22.0.4 Daemon Server] - 2025-11-19T21:49:47.129Z - Time taken for 'write cache' 12.478899999987334ms
[NX v22.0.4 Daemon Server] - 2025-11-19T21:49:47.132Z - Done responding to the client handleHashTasks
[NX v22.0.4 Daemon Server] - 2025-11-19T21:49:47.132Z - Handled json message HASH_TASKS. Handling time: 37. Response time: 4.
[NX v22.0.4 Daemon Server] - 2025-11-19T21:49:47.224Z - Received raw message of length 89
[NX v22.0.4 Daemon Server] - 2025-11-19T21:49:47.224Z - Received json message of type GET_ESTIMATED_TASK_TIMINGS
[NX v22.0.4 Daemon Server] - 2025-11-19T21:49:47.225Z - Serializing response for GET_ESTIMATED_TASK_TIMINGS message in json mode
[NX v22.0.4 Daemon Server] - 2025-11-19T21:49:47.225Z - Responding to GET_ESTIMATED_TASK_TIMINGS message
[NX v22.0.4 Daemon Server] - 2025-11-19T21:49:47.225Z - [REQUEST]: Responding to the client. handleGetEstimatedTaskTimings
[NX v22.0.4 Daemon Server] - 2025-11-19T21:49:47.225Z - Done responding to the client handleGetEstimatedTaskTimings
[NX v22.0.4 Daemon Server] - 2025-11-19T21:49:47.225Z - Handled json message GET_ESTIMATED_TASK_TIMINGS. Handling time: 1. Response time: 0.
[NX v22.0.4 Daemon Server] - 2025-11-19T21:54:42.231Z - [WATCHER]: Processing file changes in outputs
[NX v22.0.4 Daemon Server] - 2025-11-19T21:54:42.233Z - [WATCHER]: apps/trade-ui/project.json was modified
[NX v22.0.4 Daemon Server] - 2025-11-19T21:54:42.332Z - [WATCHER]: Processing file changes in outputs
[NX v22.0.4 Daemon Server] - 2025-11-19T21:54:42.334Z - [WATCHER]: apps/trade-ui/project.json was modified
[NX v22.0.4 Daemon Server] - 2025-11-19T21:54:42.427Z - [REQUEST]: Updated workspace context based on watched changes, recomputing project graph...
[NX v22.0.4 Daemon Server] - 2025-11-19T21:54:42.427Z - [REQUEST]: apps/trade-ui/project.json
[NX v22.0.4 Daemon Server] - 2025-11-19T21:54:42.427Z - [REQUEST]: 
[NX v22.0.4 Daemon Server] - 2025-11-19T21:54:42.431Z - Time taken for 'hash changed files from watcher' 20.78029999998398ms
Time for 'nx/core/package-json:createNodes' 1.0893999999389052
Time for 'nx/core/project-json:createNodes' 0.9001999999163672
Time for 'nx/js/dependencies-and-lockfile:createNodes' 17.77640000008978
[NX v22.0.4 Daemon Server] - 2025-11-19T21:54:42.465Z - Time taken for 'build-project-configs' 26.051199999987148ms
Time for 'build typescript dependencies' 3.267600000021048
[NX v22.0.4 Daemon Server] - 2025-11-19T21:54:42.488Z - [SYNC]: collect registered sync generators
[NX v22.0.4 Daemon Server] - 2025-11-19T21:54:42.490Z - [SYNC]: nx.json hash is the same, not collecting global sync generators
[NX v22.0.4 Daemon Server] - 2025-11-19T21:54:42.490Z - Time taken for 'total execution time for createProjectGraph()' 29.48320000001695ms
[NX v22.0.4 Daemon Server] - 2025-11-19T21:55:00.910Z - [WATCHER]: Processing file changes in outputs
[NX v22.0.4 Daemon Server] - 2025-11-19T21:55:00.953Z - [WATCHER]: apps/trade-ui/project.json was modified
[NX v22.0.4 Daemon Server] - 2025-11-19T21:55:01.173Z - [REQUEST]: Updated workspace context based on watched changes, recomputing project graph...
[NX v22.0.4 Daemon Server] - 2025-11-19T21:55:01.173Z - [REQUEST]: apps/trade-ui/project.json
[NX v22.0.4 Daemon Server] - 2025-11-19T21:55:01.173Z - [REQUEST]: 
[NX v22.0.4 Daemon Server] - 2025-11-19T21:55:01.176Z - Time taken for 'hash changed files from watcher' 10.908800000092015ms
Time for 'nx/core/project-json:createNodes' 0.6444999999366701
Time for 'nx/core/package-json:createNodes' 0.9314000000013039
Time for 'nx/js/dependencies-and-lockfile:createNodes' 11.872499999939464
[NX v22.0.4 Daemon Server] - 2025-11-19T21:55:01.203Z - Time taken for 'build-project-configs' 18.706200000015087ms
Time for 'build typescript dependencies' 3.788399999961257
[NX v22.0.4 Daemon Server] - 2025-11-19T21:55:01.232Z - [SYNC]: collect registered sync generators
[NX v22.0.4 Daemon Server] - 2025-11-19T21:55:01.233Z - [SYNC]: project graph hash is the same, not collecting task sync generators
[NX v22.0.4 Daemon Server] - 2025-11-19T21:55:01.234Z - [SYNC]: nx.json hash is the same, not collecting global sync generators
[NX v22.0.4 Daemon Server] - 2025-11-19T21:55:01.234Z - Time taken for 'total execution time for createProjectGraph()' 34.04159999999683ms
[NX v22.0.4 Daemon Server] - 2025-11-19T21:55:41.027Z - [WATCHER]: apps/trade-ui/project.json was modified
[NX v22.0.4 Daemon Server] - 2025-11-19T21:55:41.052Z - [WATCHER]: Processing file changes in outputs
[NX v22.0.4 Daemon Server] - 2025-11-19T21:55:41.452Z - [REQUEST]: Updated workspace context based on watched changes, recomputing project graph...
[NX v22.0.4 Daemon Server] - 2025-11-19T21:55:41.452Z - [REQUEST]: apps/trade-ui/project.json
[NX v22.0.4 Daemon Server] - 2025-11-19T21:55:41.452Z - [REQUEST]: 
[NX v22.0.4 Daemon Server] - 2025-11-19T21:55:41.456Z - Time taken for 'hash changed files from watcher' 10.603899999987334ms
Time for 'nx/core/project-json:createNodes' 0.5605000000214204
Time for 'nx/core/package-json:createNodes' 1.1014999999897555
Time for 'nx/js/dependencies-and-lockfile:createNodes' 15.425300000002608
[NX v22.0.4 Daemon Server] - 2025-11-19T21:55:41.486Z - Time taken for 'build-project-configs' 22.759399999980815ms
Time for 'build typescript dependencies' 2.422900000005029
[NX v22.0.4 Daemon Server] - 2025-11-19T21:55:41.508Z - [SYNC]: collect registered sync generators
[NX v22.0.4 Daemon Server] - 2025-11-19T21:55:41.510Z - [SYNC]: project graph hash is the same, not collecting task sync generators
[NX v22.0.4 Daemon Server] - 2025-11-19T21:55:41.510Z - [SYNC]: nx.json hash is the same, not collecting global sync generators
[NX v22.0.4 Daemon Server] - 2025-11-19T21:55:41.510Z - Time taken for 'total execution time for createProjectGraph()' 27.12190000002738ms
[NX v22.0.4 Daemon Server] - 2025-11-19T21:55:52.623Z - Closed a connection. Number of open connections: 0
[NX v22.0.4 Daemon Server] - 2025-11-19T21:56:07.108Z - Established a connection. Number of open connections: 1
[NX v22.0.4 Daemon Server] - 2025-11-19T21:56:07.109Z - Closed a connection. Number of open connections: 0
[NX v22.0.4 Daemon Server] - 2025-11-19T21:56:07.110Z - Established a connection. Number of open connections: 1
[NX v22.0.4 Daemon Server] - 2025-11-19T21:56:07.117Z - Received raw message of length 32
[NX v22.0.4 Daemon Server] - 2025-11-19T21:56:07.117Z - Received json message of type REQUEST_PROJECT_GRAPH
[NX v22.0.4 Daemon Server] - 2025-11-19T21:56:07.117Z - [REQUEST]: Client Request for Project Graph Received
[NX v22.0.4 Daemon Server] - 2025-11-19T21:56:07.119Z - Reusing in-memory cached project graph because no files changed.
[NX v22.0.4 Daemon Server] - 2025-11-19T21:56:07.130Z - Wrote project graph cache to F:\BRAIN DRAIN\GIT\trade-store-full-router\.nx\workspace-data\project-graph.json
[NX v22.0.4 Daemon Server] - 2025-11-19T21:56:07.130Z - Serializing response for REQUEST_PROJECT_GRAPH message in json mode
[NX v22.0.4 Daemon Server] - 2025-11-19T21:56:07.130Z - Responding to REQUEST_PROJECT_GRAPH message
[NX v22.0.4 Daemon Server] - 2025-11-19T21:56:07.130Z - [REQUEST]: Responding to the client. project-graph
[NX v22.0.4 Daemon Server] - 2025-11-19T21:56:07.133Z - Time taken for 'total for creating and serializing project graph' 13.506700000027195ms
[NX v22.0.4 Daemon Server] - 2025-11-19T21:56:07.135Z - Done responding to the client project-graph
[NX v22.0.4 Daemon Server] - 2025-11-19T21:56:07.135Z - Handled json message REQUEST_PROJECT_GRAPH. Handling time: 13. Response time: 5.
[NX v22.0.4 Daemon Server] - 2025-11-19T21:56:07.155Z - Received raw message of length 492
[NX v22.0.4 Daemon Server] - 2025-11-19T21:56:07.155Z - Received json message of type PRE_TASKS_EXECUTION
[NX v22.0.4 Daemon Server] - 2025-11-19T21:56:07.157Z - Serializing response for PRE_TASKS_EXECUTION message in json mode
[NX v22.0.4 Daemon Server] - 2025-11-19T21:56:07.157Z - Responding to PRE_TASKS_EXECUTION message
[NX v22.0.4 Daemon Server] - 2025-11-19T21:56:07.157Z - [REQUEST]: Responding to the client. handleRunPreTasksExecution
[NX v22.0.4 Daemon Server] - 2025-11-19T21:56:07.157Z - Time taken for 'preTasksExecution' 1.9696000000694767ms
[NX v22.0.4 Daemon Server] - 2025-11-19T21:56:07.158Z - Done responding to the client handleRunPreTasksExecution
[NX v22.0.4 Daemon Server] - 2025-11-19T21:56:07.158Z - Handled json message PRE_TASKS_EXECUTION. Handling time: 2. Response time: 1.
[NX v22.0.4 Daemon Server] - 2025-11-19T21:56:07.259Z - Received raw message of length 6659
[NX v22.0.4 Daemon Server] - 2025-11-19T21:56:07.260Z - Received json message of type HASH_TASKS
[NX v22.0.4 Daemon Server] - 2025-11-19T21:56:07.261Z - Reusing in-memory cached project graph because no files changed.
[NX v22.0.4 Daemon Server] - 2025-11-19T21:56:07.271Z - Wrote project graph cache to F:\BRAIN DRAIN\GIT\trade-store-full-router\.nx\workspace-data\project-graph.json
DEBUG nx::native::tasks::hash_planner: get_plans_internal COMPLETED in 4.3681ms - processed 1 tasks (setup: 4.1113ms, parallel_planning: 245.1µs)
DEBUG nx::native::tasks::hashers::hash_workspace_files: Hashing workspace fileset{cache_key="nx.json,.gitignore,.nxignore"}: Adding "16567825333851776730" (".gitignore") to hash
DEBUG nx::native::tasks::hashers::hash_workspace_files: Hashing workspace fileset{cache_key="nx.json,.gitignore,.nxignore"}: Adding "9181765699712514183" ("nx.json") to hash
DEBUG nx::native::tasks::hashers::hash_workspace_files: Hashing workspace fileset{cache_key="nx.json,.gitignore,.nxignore"}: Hash Value: "10743472699591788082"
DEBUG nx::native::tasks::task_hasher: hash_plans COMPLETED in 3.5434ms - processed 1 plans (setup: 287.9µs, hashing: 3.2514ms, assembly: 1.4618ms)
[NX v22.0.4 Daemon Server] - 2025-11-19T21:56:07.292Z - Serializing response for HASH_TASKS message in json mode
[NX v22.0.4 Daemon Server] - 2025-11-19T21:56:07.293Z - Responding to HASH_TASKS message
[NX v22.0.4 Daemon Server] - 2025-11-19T21:56:07.293Z - [REQUEST]: Responding to the client. handleHashTasks
[NX v22.0.4 Daemon Server] - 2025-11-19T21:56:07.293Z - Time taken for 'write cache' 10.112399999983609ms
[NX v22.0.4 Daemon Server] - 2025-11-19T21:56:07.293Z - Done responding to the client handleHashTasks
[NX v22.0.4 Daemon Server] - 2025-11-19T21:56:07.293Z - Handled json message HASH_TASKS. Handling time: 32. Response time: 1.
[NX v22.0.4 Daemon Server] - 2025-11-19T21:56:07.448Z - Received raw message of length 89
[NX v22.0.4 Daemon Server] - 2025-11-19T21:56:07.448Z - Received json message of type GET_ESTIMATED_TASK_TIMINGS
[NX v22.0.4 Daemon Server] - 2025-11-19T21:56:07.449Z - Serializing response for GET_ESTIMATED_TASK_TIMINGS message in json mode
[NX v22.0.4 Daemon Server] - 2025-11-19T21:56:07.449Z - Responding to GET_ESTIMATED_TASK_TIMINGS message
[NX v22.0.4 Daemon Server] - 2025-11-19T21:56:07.449Z - [REQUEST]: Responding to the client. handleGetEstimatedTaskTimings
[NX v22.0.4 Daemon Server] - 2025-11-19T21:56:07.449Z - Done responding to the client handleGetEstimatedTaskTimings
[NX v22.0.4 Daemon Server] - 2025-11-19T21:56:07.449Z - Handled json message GET_ESTIMATED_TASK_TIMINGS. Handling time: 1. Response time: 0.
[NX v22.0.4 Daemon Server] - 2025-11-19T21:57:50.315Z - [WATCHER]: Processing file changes in outputs
[NX v22.0.4 Daemon Server] - 2025-11-19T21:57:50.318Z - [WATCHER]: 0 file(s) created or restored, 1 file(s) modified, 1 file(s) deleted
[NX v22.0.4 Daemon Server] - 2025-11-19T21:57:50.423Z - [REQUEST]: Updated workspace context based on watched changes, recomputing project graph...
[NX v22.0.4 Daemon Server] - 2025-11-19T21:57:50.424Z - [REQUEST]: apps/trade-ui/index.html
[NX v22.0.4 Daemon Server] - 2025-11-19T21:57:50.424Z - [REQUEST]: apps/trade-ui/src/index.html
[NX v22.0.4 Daemon Server] - 2025-11-19T21:57:50.427Z - Time taken for 'hash changed files from watcher' 0.28539999993517995ms
Time for 'nx/core/project-json:createNodes' 0.7236999999731779
Time for 'nx/core/package-json:createNodes' 1.3376999999163672
Time for 'nx/js/dependencies-and-lockfile:createNodes' 16.99950000003446
[NX v22.0.4 Daemon Server] - 2025-11-19T21:57:50.479Z - Time taken for 'build-project-configs' 27.42299999995157ms
Time for 'build typescript dependencies' 3.549200000008568
[NX v22.0.4 Daemon Server] - 2025-11-19T21:57:50.512Z - [SYNC]: collect registered sync generators
[NX v22.0.4 Daemon Server] - 2025-11-19T21:57:50.514Z - [SYNC]: project graph hash is the same, not collecting task sync generators
[NX v22.0.4 Daemon Server] - 2025-11-19T21:57:50.514Z - [SYNC]: nx.json hash is the same, not collecting global sync generators
[NX v22.0.4 Daemon Server] - 2025-11-19T21:57:50.514Z - Time taken for 'total execution time for createProjectGraph()' 43.39150000002701ms
[NX v22.0.4 Daemon Server] - 2025-11-19T21:58:18.289Z - [WATCHER]: apps/trade-ui/index.html was modified
[NX v22.0.4 Daemon Server] - 2025-11-19T21:58:21.834Z - [WATCHER]: Processing file changes in outputs
[NX v22.0.4 Daemon Server] - 2025-11-19T21:58:21.890Z - [WATCHER]: Processing file changes in outputs
[NX v22.0.4 Daemon Server] - 2025-11-19T21:58:21.893Z - [WATCHER]: apps/trade-ui/index.html was modified
[NX v22.0.4 Daemon Server] - 2025-11-19T21:58:22.075Z - [REQUEST]: Updated workspace context based on watched changes, recomputing project graph...
[NX v22.0.4 Daemon Server] - 2025-11-19T21:58:22.075Z - [REQUEST]: apps/trade-ui/index.html
[NX v22.0.4 Daemon Server] - 2025-11-19T21:58:22.075Z - [REQUEST]: 
[NX v22.0.4 Daemon Server] - 2025-11-19T21:58:22.078Z - Time taken for 'hash changed files from watcher' 35.39159999997355ms
Time for 'nx/core/project-json:createNodes' 0.4834999998565763
Time for 'nx/core/package-json:createNodes' 0.7454999999608845
Time for 'nx/js/dependencies-and-lockfile:createNodes' 11.364100000122562
[NX v22.0.4 Daemon Server] - 2025-11-19T21:58:22.106Z - Time taken for 'build-project-configs' 18.076700000092387ms
Time for 'build typescript dependencies' 3.6184999998658895
[NX v22.0.4 Daemon Server] - 2025-11-19T21:58:22.132Z - [SYNC]: collect registered sync generators
[NX v22.0.4 Daemon Server] - 2025-11-19T21:58:22.134Z - [SYNC]: project graph hash is the same, not collecting task sync generators
[NX v22.0.4 Daemon Server] - 2025-11-19T21:58:22.135Z - [SYNC]: nx.json hash is the same, not collecting global sync generators
[NX v22.0.4 Daemon Server] - 2025-11-19T21:58:22.162Z - Time taken for 'total execution time for createProjectGraph()' 32.772600000025705ms
[NX v22.0.4 Daemon Server] - 2025-11-19T21:58:52.228Z - [WATCHER]: Processing file changes in outputs
[NX v22.0.4 Daemon Server] - 2025-11-19T21:58:52.229Z - [WATCHER]: apps/trade-ui/index.html was modified
[NX v22.0.4 Daemon Server] - 2025-11-19T21:58:52.659Z - [REQUEST]: Updated workspace context based on watched changes, recomputing project graph...
[NX v22.0.4 Daemon Server] - 2025-11-19T21:58:52.659Z - [REQUEST]: apps/trade-ui/index.html
[NX v22.0.4 Daemon Server] - 2025-11-19T21:58:52.659Z - [REQUEST]: 
[NX v22.0.4 Daemon Server] - 2025-11-19T21:58:52.662Z - Time taken for 'hash changed files from watcher' 14.354599999962375ms
Time for 'nx/core/project-json:createNodes' 0.6514999999199063
Time for 'nx/core/package-json:createNodes' 0.9949999998789281
Time for 'nx/js/dependencies-and-lockfile:createNodes' 11.532600000035018
[NX v22.0.4 Daemon Server] - 2025-11-19T21:58:52.688Z - Time taken for 'build-project-configs' 19.24710000003688ms
Time for 'build typescript dependencies' 3.1110000000335276
[NX v22.0.4 Daemon Server] - 2025-11-19T21:58:52.711Z - [SYNC]: collect registered sync generators
[NX v22.0.4 Daemon Server] - 2025-11-19T21:58:52.713Z - [SYNC]: project graph hash is the same, not collecting task sync generators
[NX v22.0.4 Daemon Server] - 2025-11-19T21:58:52.713Z - [SYNC]: nx.json hash is the same, not collecting global sync generators
[NX v22.0.4 Daemon Server] - 2025-11-19T21:58:52.713Z - Time taken for 'total execution time for createProjectGraph()' 27.218699999852106ms
[NX v22.0.4 Daemon Server] - 2025-11-19T22:00:19.211Z - Closed a connection. Number of open connections: 0
[NX v22.0.4 Daemon Server] - 2025-11-19T22:00:23.585Z - Established a connection. Number of open connections: 1
[NX v22.0.4 Daemon Server] - 2025-11-19T22:00:23.586Z - Closed a connection. Number of open connections: 0
[NX v22.0.4 Daemon Server] - 2025-11-19T22:00:23.587Z - Established a connection. Number of open connections: 1
[NX v22.0.4 Daemon Server] - 2025-11-19T22:00:23.592Z - Received raw message of length 32
[NX v22.0.4 Daemon Server] - 2025-11-19T22:00:23.592Z - Received json message of type REQUEST_PROJECT_GRAPH
[NX v22.0.4 Daemon Server] - 2025-11-19T22:00:23.592Z - [REQUEST]: Client Request for Project Graph Received
[NX v22.0.4 Daemon Server] - 2025-11-19T22:00:23.594Z - Reusing in-memory cached project graph because no files changed.
[NX v22.0.4 Daemon Server] - 2025-11-19T22:00:23.603Z - Wrote project graph cache to F:\BRAIN DRAIN\GIT\trade-store-full-router\.nx\workspace-data\project-graph.json
[NX v22.0.4 Daemon Server] - 2025-11-19T22:00:23.604Z - Serializing response for REQUEST_PROJECT_GRAPH message in json mode
[NX v22.0.4 Daemon Server] - 2025-11-19T22:00:23.604Z - Responding to REQUEST_PROJECT_GRAPH message
[NX v22.0.4 Daemon Server] - 2025-11-19T22:00:23.604Z - [REQUEST]: Responding to the client. project-graph
[NX v22.0.4 Daemon Server] - 2025-11-19T22:00:23.606Z - Time taken for 'total for creating and serializing project graph' 11.88079999992624ms
[NX v22.0.4 Daemon Server] - 2025-11-19T22:00:23.609Z - Done responding to the client project-graph
[NX v22.0.4 Daemon Server] - 2025-11-19T22:00:23.609Z - Handled json message REQUEST_PROJECT_GRAPH. Handling time: 12. Response time: 5.
[NX v22.0.4 Daemon Server] - 2025-11-19T22:00:23.625Z - Received raw message of length 493
[NX v22.0.4 Daemon Server] - 2025-11-19T22:00:23.625Z - Received json message of type PRE_TASKS_EXECUTION
[NX v22.0.4 Daemon Server] - 2025-11-19T22:00:23.626Z - Serializing response for PRE_TASKS_EXECUTION message in json mode
[NX v22.0.4 Daemon Server] - 2025-11-19T22:00:23.626Z - Responding to PRE_TASKS_EXECUTION message
[NX v22.0.4 Daemon Server] - 2025-11-19T22:00:23.626Z - [REQUEST]: Responding to the client. handleRunPreTasksExecution
[NX v22.0.4 Daemon Server] - 2025-11-19T22:00:23.627Z - Time taken for 'preTasksExecution' 1.3506999998353422ms
[NX v22.0.4 Daemon Server] - 2025-11-19T22:00:23.627Z - Done responding to the client handleRunPreTasksExecution
[NX v22.0.4 Daemon Server] - 2025-11-19T22:00:23.627Z - Handled json message PRE_TASKS_EXECUTION. Handling time: 1. Response time: 1.
[NX v22.0.4 Daemon Server] - 2025-11-19T22:00:23.718Z - Received raw message of length 6659
[NX v22.0.4 Daemon Server] - 2025-11-19T22:00:23.719Z - Received json message of type HASH_TASKS
[NX v22.0.4 Daemon Server] - 2025-11-19T22:00:23.720Z - Reusing in-memory cached project graph because no files changed.
[NX v22.0.4 Daemon Server] - 2025-11-19T22:00:23.729Z - Wrote project graph cache to F:\BRAIN DRAIN\GIT\trade-store-full-router\.nx\workspace-data\project-graph.json
DEBUG nx::native::tasks::hash_planner: get_plans_internal COMPLETED in 4.1104ms - processed 1 tasks (setup: 3.8713ms, parallel_planning: 230.6µs)
DEBUG nx::native::tasks::hashers::hash_workspace_files: Hashing workspace fileset{cache_key="nx.json,.gitignore,.nxignore"}: Adding "16567825333851776730" (".gitignore") to hash
DEBUG nx::native::tasks::hashers::hash_workspace_files: Hashing workspace fileset{cache_key="nx.json,.gitignore,.nxignore"}: Adding "9181765699712514183" ("nx.json") to hash
DEBUG nx::native::tasks::hashers::hash_workspace_files: Hashing workspace fileset{cache_key="nx.json,.gitignore,.nxignore"}: Hash Value: "10743472699591788082"
DEBUG nx::native::tasks::task_hasher: hash_plans COMPLETED in 3.6223ms - processed 1 plans (setup: 271.6µs, hashing: 3.347ms, assembly: 1.3362ms)
[NX v22.0.4 Daemon Server] - 2025-11-19T22:00:23.755Z - Serializing response for HASH_TASKS message in json mode
[NX v22.0.4 Daemon Server] - 2025-11-19T22:00:23.755Z - Responding to HASH_TASKS message
[NX v22.0.4 Daemon Server] - 2025-11-19T22:00:23.755Z - [REQUEST]: Responding to the client. handleHashTasks
[NX v22.0.4 Daemon Server] - 2025-11-19T22:00:23.756Z - Time taken for 'write cache' 9.501999999862164ms
[NX v22.0.4 Daemon Server] - 2025-11-19T22:00:23.756Z - Done responding to the client handleHashTasks
[NX v22.0.4 Daemon Server] - 2025-11-19T22:00:23.756Z - Handled json message HASH_TASKS. Handling time: 36. Response time: 1.
[NX v22.0.4 Daemon Server] - 2025-11-19T22:00:23.914Z - Received raw message of length 89
[NX v22.0.4 Daemon Server] - 2025-11-19T22:00:23.914Z - Received json message of type GET_ESTIMATED_TASK_TIMINGS
[NX v22.0.4 Daemon Server] - 2025-11-19T22:00:23.915Z - Serializing response for GET_ESTIMATED_TASK_TIMINGS message in json mode
[NX v22.0.4 Daemon Server] - 2025-11-19T22:00:23.915Z - Responding to GET_ESTIMATED_TASK_TIMINGS message
[NX v22.0.4 Daemon Server] - 2025-11-19T22:00:23.915Z - [REQUEST]: Responding to the client. handleGetEstimatedTaskTimings
[NX v22.0.4 Daemon Server] - 2025-11-19T22:00:23.915Z - Done responding to the client handleGetEstimatedTaskTimings
[NX v22.0.4 Daemon Server] - 2025-11-19T22:00:23.915Z - Handled json message GET_ESTIMATED_TASK_TIMINGS. Handling time: 0. Response time: 0.
[NX v22.0.4 Daemon Server] - 2025-11-19T22:00:35.986Z - Closed a connection. Number of open connections: 0
[NX v22.0.4 Daemon Server] - 2025-11-19T22:00:48.242Z - Established a connection. Number of open connections: 1
[NX v22.0.4 Daemon Server] - 2025-11-19T22:00:48.243Z - Closed a connection. Number of open connections: 0
[NX v22.0.4 Daemon Server] - 2025-11-19T22:00:48.244Z - Established a connection. Number of open connections: 1
[NX v22.0.4 Daemon Server] - 2025-11-19T22:00:48.249Z - Received raw message of length 32
[NX v22.0.4 Daemon Server] - 2025-11-19T22:00:48.249Z - Received json message of type REQUEST_PROJECT_GRAPH
[NX v22.0.4 Daemon Server] - 2025-11-19T22:00:48.249Z - [REQUEST]: Client Request for Project Graph Received
[NX v22.0.4 Daemon Server] - 2025-11-19T22:00:48.251Z - Reusing in-memory cached project graph because no files changed.
[NX v22.0.4 Daemon Server] - 2025-11-19T22:00:48.259Z - Wrote project graph cache to F:\BRAIN DRAIN\GIT\trade-store-full-router\.nx\workspace-data\project-graph.json
[NX v22.0.4 Daemon Server] - 2025-11-19T22:00:48.260Z - Serializing response for REQUEST_PROJECT_GRAPH message in json mode
[NX v22.0.4 Daemon Server] - 2025-11-19T22:00:48.260Z - Responding to REQUEST_PROJECT_GRAPH message
[NX v22.0.4 Daemon Server] - 2025-11-19T22:00:48.260Z - [REQUEST]: Responding to the client. project-graph
[NX v22.0.4 Daemon Server] - 2025-11-19T22:00:48.261Z - Time taken for 'total for creating and serializing project graph' 10.465899999951944ms
[NX v22.0.4 Daemon Server] - 2025-11-19T22:00:48.263Z - Done responding to the client project-graph
[NX v22.0.4 Daemon Server] - 2025-11-19T22:00:48.263Z - Handled json message REQUEST_PROJECT_GRAPH. Handling time: 11. Response time: 3.
[NX v22.0.4 Daemon Server] - 2025-11-19T22:00:48.273Z - Received raw message of length 505
[NX v22.0.4 Daemon Server] - 2025-11-19T22:00:48.273Z - Received json message of type PRE_TASKS_EXECUTION
[NX v22.0.4 Daemon Server] - 2025-11-19T22:00:48.275Z - Serializing response for PRE_TASKS_EXECUTION message in json mode
[NX v22.0.4 Daemon Server] - 2025-11-19T22:00:48.275Z - Responding to PRE_TASKS_EXECUTION message
[NX v22.0.4 Daemon Server] - 2025-11-19T22:00:48.275Z - [REQUEST]: Responding to the client. handleRunPreTasksExecution
[NX v22.0.4 Daemon Server] - 2025-11-19T22:00:48.275Z - Time taken for 'preTasksExecution' 1.3231999999843538ms
[NX v22.0.4 Daemon Server] - 2025-11-19T22:00:48.275Z - Done responding to the client handleRunPreTasksExecution
[NX v22.0.4 Daemon Server] - 2025-11-19T22:00:48.275Z - Handled json message PRE_TASKS_EXECUTION. Handling time: 2. Response time: 0.
[NX v22.0.4 Daemon Server] - 2025-11-19T22:00:48.366Z - Received raw message of length 6705
[NX v22.0.4 Daemon Server] - 2025-11-19T22:00:48.366Z - Received json message of type HASH_TASKS
[NX v22.0.4 Daemon Server] - 2025-11-19T22:00:48.367Z - Reusing in-memory cached project graph because no files changed.
[NX v22.0.4 Daemon Server] - 2025-11-19T22:00:48.376Z - Wrote project graph cache to F:\BRAIN DRAIN\GIT\trade-store-full-router\.nx\workspace-data\project-graph.json
DEBUG nx::native::tasks::hash_planner: get_plans_internal COMPLETED in 4.3337ms - processed 1 tasks (setup: 4.0913ms, parallel_planning: 226.1µs)
DEBUG nx::native::tasks::task_hasher: hash_plans COMPLETED in 3.1639ms - processed 1 plans (setup: 284µs, hashing: 2.876ms, assembly: 1.4037ms)
[NX v22.0.4 Daemon Server] - 2025-11-19T22:00:48.387Z - Serializing response for HASH_TASKS message in json mode
[NX v22.0.4 Daemon Server] - 2025-11-19T22:00:48.387Z - Responding to HASH_TASKS message
[NX v22.0.4 Daemon Server] - 2025-11-19T22:00:48.387Z - [REQUEST]: Responding to the client. handleHashTasks
[NX v22.0.4 Daemon Server] - 2025-11-19T22:00:48.387Z - Time taken for 'write cache' 9.459599999943748ms
[NX v22.0.4 Daemon Server] - 2025-11-19T22:00:48.388Z - Done responding to the client handleHashTasks
[NX v22.0.4 Daemon Server] - 2025-11-19T22:00:48.388Z - Handled json message HASH_TASKS. Handling time: 21. Response time: 1.
[NX v22.0.4 Daemon Server] - 2025-11-19T22:00:48.506Z - Received raw message of length 89
[NX v22.0.4 Daemon Server] - 2025-11-19T22:00:48.506Z - Received json message of type GET_ESTIMATED_TASK_TIMINGS
[NX v22.0.4 Daemon Server] - 2025-11-19T22:00:48.506Z - Serializing response for GET_ESTIMATED_TASK_TIMINGS message in json mode
[NX v22.0.4 Daemon Server] - 2025-11-19T22:00:48.506Z - Responding to GET_ESTIMATED_TASK_TIMINGS message
[NX v22.0.4 Daemon Server] - 2025-11-19T22:00:48.506Z - [REQUEST]: Responding to the client. handleGetEstimatedTaskTimings
[NX v22.0.4 Daemon Server] - 2025-11-19T22:00:48.506Z - Done responding to the client handleGetEstimatedTaskTimings
[NX v22.0.4 Daemon Server] - 2025-11-19T22:00:48.506Z - Handled json message GET_ESTIMATED_TASK_TIMINGS. Handling time: 0. Response time: 0.
[NX v22.0.4 Daemon Server] - 2025-11-19T22:01:17.064Z - Closed a connection. Number of open connections: 0
[NX v22.0.4 Daemon Server] - 2025-11-19T22:04:26.786Z - [WATCHER]: Processing file changes in outputs
[NX v22.0.4 Daemon Server] - 2025-11-19T22:04:26.839Z - [WATCHER]: tsconfig.base.json was modified
[NX v22.0.4 Daemon Server] - 2025-11-19T22:04:26.955Z - [REQUEST]: Updated workspace context based on watched changes, recomputing project graph...
[NX v22.0.4 Daemon Server] - 2025-11-19T22:04:26.956Z - [REQUEST]: tsconfig.base.json
[NX v22.0.4 Daemon Server] - 2025-11-19T22:04:26.956Z - [REQUEST]: 
[NX v22.0.4 Daemon Server] - 2025-11-19T22:04:26.959Z - Time taken for 'hash changed files from watcher' 10.145999999949709ms
Time for 'nx/core/project-json:createNodes' 0.8862999998964369
Time for 'nx/core/package-json:createNodes' 1.3710000000428408
Time for 'nx/js/dependencies-and-lockfile:createNodes' 13.123600000049919
[NX v22.0.4 Daemon Server] - 2025-11-19T22:04:26.991Z - Time taken for 'build-project-configs' 21.904900000197813ms
Time for 'build typescript dependencies' 0.03610000014305115
[NX v22.0.4 Daemon Server] - 2025-11-19T22:04:27.014Z - [SYNC]: collect registered sync generators
[NX v22.0.4 Daemon Server] - 2025-11-19T22:04:27.015Z - [SYNC]: project graph hash is the same, not collecting task sync generators
[NX v22.0.4 Daemon Server] - 2025-11-19T22:04:27.015Z - [SYNC]: nx.json hash is the same, not collecting global sync generators
[NX v22.0.4 Daemon Server] - 2025-11-19T22:04:27.016Z - Time taken for 'total execution time for createProjectGraph()' 28.63580000004731ms
[NX v22.0.4 Daemon Server] - 2025-11-19T22:04:41.441Z - [WATCHER]: tsconfig.base.json was modified
[NX v22.0.4 Daemon Server] - 2025-11-19T22:04:41.452Z - [WATCHER]: Processing file changes in outputs
[NX v22.0.4 Daemon Server] - 2025-11-19T22:04:41.520Z - [WATCHER]: tsconfig.base.json was modified
[NX v22.0.4 Daemon Server] - 2025-11-19T22:04:41.520Z - [WATCHER]: Processing file changes in outputs
[NX v22.0.4 Daemon Server] - 2025-11-19T22:04:41.669Z - [REQUEST]: Updated workspace context based on watched changes, recomputing project graph...
[NX v22.0.4 Daemon Server] - 2025-11-19T22:04:41.670Z - [REQUEST]: tsconfig.base.json
[NX v22.0.4 Daemon Server] - 2025-11-19T22:04:41.670Z - [REQUEST]: 
[NX v22.0.4 Daemon Server] - 2025-11-19T22:04:41.673Z - Time taken for 'hash changed files from watcher' 8.347000000067055ms
Time for 'nx/core/project-json:createNodes' 0.6021000000182539
Time for 'nx/core/package-json:createNodes' 1.0663999998942018
Time for 'nx/js/dependencies-and-lockfile:createNodes' 14.526300000026822
[NX v22.0.4 Daemon Server] - 2025-11-19T22:04:41.707Z - Time taken for 'build-project-configs' 24.043199999956414ms
Time for 'build typescript dependencies' 0.02590000000782311
[NX v22.0.4 Daemon Server] - 2025-11-19T22:04:41.730Z - [SYNC]: collect registered sync generators
[NX v22.0.4 Daemon Server] - 2025-11-19T22:04:41.731Z - [SYNC]: project graph hash is the same, not collecting task sync generators
[NX v22.0.4 Daemon Server] - 2025-11-19T22:04:41.732Z - [SYNC]: nx.json hash is the same, not collecting global sync generators
[NX v22.0.4 Daemon Server] - 2025-11-19T22:04:41.732Z - Time taken for 'total execution time for createProjectGraph()' 29.780199999921024ms
[NX v22.0.4 Daemon Server] - 2025-11-19T22:05:12.513Z - [WATCHER]: Processing file changes in outputs
[NX v22.0.4 Daemon Server] - 2025-11-19T22:05:14.919Z - [WATCHER]: Processing file changes in outputs
[NX v22.0.4 Daemon Server] - 2025-11-19T22:05:14.921Z - [WATCHER]: tsconfig.base.json was modified
[NX v22.0.4 Daemon Server] - 2025-11-19T22:05:15.337Z - [REQUEST]: Updated workspace context based on watched changes, recomputing project graph...
[NX v22.0.4 Daemon Server] - 2025-11-19T22:05:15.337Z - [REQUEST]: tsconfig.base.json
[NX v22.0.4 Daemon Server] - 2025-11-19T22:05:15.337Z - [REQUEST]: 
[NX v22.0.4 Daemon Server] - 2025-11-19T22:05:15.340Z - Time taken for 'hash changed files from watcher' 8.545999999856576ms
Time for 'nx/core/project-json:createNodes' 0.3592999998945743
Time for 'nx/core/package-json:createNodes' 0.6403999999165535
Time for 'nx/js/dependencies-and-lockfile:createNodes' 10.509599999990314
[NX v22.0.4 Daemon Server] - 2025-11-19T22:05:15.366Z - Time taken for 'build-project-configs' 17.30099999997765ms
Time for 'build typescript dependencies' 0.021600000094622374
[NX v22.0.4 Daemon Server] - 2025-11-19T22:05:15.389Z - [SYNC]: collect registered sync generators
[NX v22.0.4 Daemon Server] - 2025-11-19T22:05:15.391Z - [SYNC]: project graph hash is the same, not collecting task sync generators
[NX v22.0.4 Daemon Server] - 2025-11-19T22:05:15.391Z - [SYNC]: nx.json hash is the same, not collecting global sync generators
[NX v22.0.4 Daemon Server] - 2025-11-19T22:05:15.391Z - Time taken for 'total execution time for createProjectGraph()' 28.35479999985546ms
[NX v22.0.4 Daemon Server] - 2025-11-19T22:05:15.975Z - [WATCHER]: Processing file changes in outputs
[NX v22.0.4 Daemon Server] - 2025-11-19T22:05:16.034Z - [WATCHER]: Processing file changes in outputs
[NX v22.0.4 Daemon Server] - 2025-11-19T22:05:16.035Z - [WATCHER]: tsconfig.base.json was modified
[NX v22.0.4 Daemon Server] - 2025-11-19T22:05:16.142Z - [WATCHER]: Processing file changes in outputs
[NX v22.0.4 Daemon Server] - 2025-11-19T22:05:16.144Z - [WATCHER]: tsconfig.base.json was modified
[NX v22.0.4 Daemon Server] - 2025-11-19T22:05:16.880Z - [REQUEST]: Updated workspace context based on watched changes, recomputing project graph...
[NX v22.0.4 Daemon Server] - 2025-11-19T22:05:16.880Z - [REQUEST]: tsconfig.base.json
[NX v22.0.4 Daemon Server] - 2025-11-19T22:05:16.880Z - [REQUEST]: 
[NX v22.0.4 Daemon Server] - 2025-11-19T22:05:16.882Z - Time taken for 'hash changed files from watcher' 1.1218000000808388ms
Time for 'nx/core/project-json:createNodes' 0.2967000000644475
Time for 'nx/core/package-json:createNodes' 0.5760000001173466
Time for 'nx/js/dependencies-and-lockfile:createNodes' 10.161899999948218
[NX v22.0.4 Daemon Server] - 2025-11-19T22:05:16.909Z - Time taken for 'build-project-configs' 17.900499999988824ms
Time for 'build typescript dependencies' 0.02729999995790422
[NX v22.0.4 Daemon Server] - 2025-11-19T22:05:16.931Z - [SYNC]: collect registered sync generators
[NX v22.0.4 Daemon Server] - 2025-11-19T22:05:16.933Z - [SYNC]: project graph hash is the same, not collecting task sync generators
[NX v22.0.4 Daemon Server] - 2025-11-19T22:05:16.934Z - [SYNC]: nx.json hash is the same, not collecting global sync generators
[NX v22.0.4 Daemon Server] - 2025-11-19T22:05:16.934Z - Time taken for 'total execution time for createProjectGraph()' 28.463400000007823ms
[NX v22.0.4 Daemon Server] - 2025-11-19T22:05:17.841Z - [WATCHER]: Processing file changes in outputs
[NX v22.0.4 Daemon Server] - 2025-11-19T22:05:17.843Z - [WATCHER]: tsconfig.base.json was modified
[NX v22.0.4 Daemon Server] - 2025-11-19T22:05:19.457Z - [REQUEST]: Updated workspace context based on watched changes, recomputing project graph...
[NX v22.0.4 Daemon Server] - 2025-11-19T22:05:19.457Z - [REQUEST]: tsconfig.base.json
[NX v22.0.4 Daemon Server] - 2025-11-19T22:05:19.457Z - [REQUEST]: 
Time for 'nx/core/project-json:createNodes' 0.3649999999906868
Time for 'nx/core/package-json:createNodes' 0.5912999999709427
[NX v22.0.4 Daemon Server] - 2025-11-19T22:05:19.460Z - Time taken for 'hash changed files from watcher' 1.153999999864027ms
Time for 'nx/js/dependencies-and-lockfile:createNodes' 9.723099999828264
[NX v22.0.4 Daemon Server] - 2025-11-19T22:05:19.485Z - Time taken for 'build-project-configs' 17.349500000011176ms
Time for 'build typescript dependencies' 0.020099999848753214
[NX v22.0.4 Daemon Server] - 2025-11-19T22:05:19.504Z - [SYNC]: collect registered sync generators
[NX v22.0.4 Daemon Server] - 2025-11-19T22:05:19.507Z - [SYNC]: project graph hash is the same, not collecting task sync generators
[NX v22.0.4 Daemon Server] - 2025-11-19T22:05:19.507Z - [SYNC]: nx.json hash is the same, not collecting global sync generators
[NX v22.0.4 Daemon Server] - 2025-11-19T22:05:19.508Z - Time taken for 'total execution time for createProjectGraph()' 24.80710000009276ms
[NX v22.0.4 Daemon Server] - 2025-11-19T22:05:40.582Z - Established a connection. Number of open connections: 1
[NX v22.0.4 Daemon Server] - 2025-11-19T22:05:40.583Z - Closed a connection. Number of open connections: 0
[NX v22.0.4 Daemon Server] - 2025-11-19T22:05:40.585Z - Established a connection. Number of open connections: 1
[NX v22.0.4 Daemon Server] - 2025-11-19T22:05:40.594Z - Received raw message of length 32
[NX v22.0.4 Daemon Server] - 2025-11-19T22:05:40.594Z - Received json message of type REQUEST_PROJECT_GRAPH
[NX v22.0.4 Daemon Server] - 2025-11-19T22:05:40.594Z - [REQUEST]: Client Request for Project Graph Received
[NX v22.0.4 Daemon Server] - 2025-11-19T22:05:40.595Z - Reusing in-memory cached project graph because no files changed.
[NX v22.0.4 Daemon Server] - 2025-11-19T22:05:40.608Z - Wrote project graph cache to F:\BRAIN DRAIN\GIT\trade-store-full-router\.nx\workspace-data\project-graph.json
[NX v22.0.4 Daemon Server] - 2025-11-19T22:05:40.608Z - Serializing response for REQUEST_PROJECT_GRAPH message in json mode
[NX v22.0.4 Daemon Server] - 2025-11-19T22:05:40.608Z - Responding to REQUEST_PROJECT_GRAPH message
[NX v22.0.4 Daemon Server] - 2025-11-19T22:05:40.608Z - [REQUEST]: Responding to the client. project-graph
[NX v22.0.4 Daemon Server] - 2025-11-19T22:05:40.610Z - Time taken for 'total for creating and serializing project graph' 14.160099999979138ms
[NX v22.0.4 Daemon Server] - 2025-11-19T22:05:40.612Z - Done responding to the client project-graph
[NX v22.0.4 Daemon Server] - 2025-11-19T22:05:40.612Z - Handled json message REQUEST_PROJECT_GRAPH. Handling time: 14. Response time: 4.
[NX v22.0.4 Daemon Server] - 2025-11-19T22:05:40.626Z - Received raw message of length 504
[NX v22.0.4 Daemon Server] - 2025-11-19T22:05:40.626Z - Received json message of type PRE_TASKS_EXECUTION
[NX v22.0.4 Daemon Server] - 2025-11-19T22:05:40.627Z - Serializing response for PRE_TASKS_EXECUTION message in json mode
[NX v22.0.4 Daemon Server] - 2025-11-19T22:05:40.627Z - Responding to PRE_TASKS_EXECUTION message
[NX v22.0.4 Daemon Server] - 2025-11-19T22:05:40.627Z - [REQUEST]: Responding to the client. handleRunPreTasksExecution
[NX v22.0.4 Daemon Server] - 2025-11-19T22:05:40.627Z - Time taken for 'preTasksExecution' 1.2302000001072884ms
[NX v22.0.4 Daemon Server] - 2025-11-19T22:05:40.627Z - Done responding to the client handleRunPreTasksExecution
[NX v22.0.4 Daemon Server] - 2025-11-19T22:05:40.628Z - Handled json message PRE_TASKS_EXECUTION. Handling time: 1. Response time: 1.
[NX v22.0.4 Daemon Server] - 2025-11-19T22:05:40.707Z - Received raw message of length 6705
[NX v22.0.4 Daemon Server] - 2025-11-19T22:05:40.707Z - Received json message of type HASH_TASKS
[NX v22.0.4 Daemon Server] - 2025-11-19T22:05:40.709Z - Reusing in-memory cached project graph because no files changed.
[NX v22.0.4 Daemon Server] - 2025-11-19T22:05:40.718Z - Wrote project graph cache to F:\BRAIN DRAIN\GIT\trade-store-full-router\.nx\workspace-data\project-graph.json
DEBUG nx::native::tasks::hash_planner: get_plans_internal COMPLETED in 4.3937ms - processed 1 tasks (setup: 4.1291ms, parallel_planning: 256.4µs)
DEBUG nx::native::tasks::hashers::hash_workspace_files: Hashing workspace fileset{cache_key="nx.json,.gitignore,.nxignore"}: Adding "16567825333851776730" (".gitignore") to hash
DEBUG nx::native::tasks::hashers::hash_workspace_files: Hashing workspace fileset{cache_key="nx.json,.gitignore,.nxignore"}: Adding "9181765699712514183" ("nx.json") to hash
DEBUG nx::native::tasks::hashers::hash_workspace_files: Hashing workspace fileset{cache_key="nx.json,.gitignore,.nxignore"}: Hash Value: "10743472699591788082"
DEBUG nx::native::tasks::task_hasher: hash_plans COMPLETED in 4.5998ms - processed 1 plans (setup: 320.2µs, hashing: 4.2753ms, assembly: 1.4331ms)
[NX v22.0.4 Daemon Server] - 2025-11-19T22:05:40.740Z - Serializing response for HASH_TASKS message in json mode
[NX v22.0.4 Daemon Server] - 2025-11-19T22:05:40.740Z - Responding to HASH_TASKS message
[NX v22.0.4 Daemon Server] - 2025-11-19T22:05:40.741Z - [REQUEST]: Responding to the client. handleHashTasks
[NX v22.0.4 Daemon Server] - 2025-11-19T22:05:40.741Z - Time taken for 'write cache' 9.249499999918044ms
[NX v22.0.4 Daemon Server] - 2025-11-19T22:05:40.741Z - Done responding to the client handleHashTasks
[NX v22.0.4 Daemon Server] - 2025-11-19T22:05:40.741Z - Handled json message HASH_TASKS. Handling time: 33. Response time: 1.
[NX v22.0.4 Daemon Server] - 2025-11-19T22:05:40.879Z - Received raw message of length 89
[NX v22.0.4 Daemon Server] - 2025-11-19T22:05:40.879Z - Received json message of type GET_ESTIMATED_TASK_TIMINGS
[NX v22.0.4 Daemon Server] - 2025-11-19T22:05:40.880Z - Serializing response for GET_ESTIMATED_TASK_TIMINGS message in json mode
[NX v22.0.4 Daemon Server] - 2025-11-19T22:05:40.880Z - Responding to GET_ESTIMATED_TASK_TIMINGS message
[NX v22.0.4 Daemon Server] - 2025-11-19T22:05:40.880Z - [REQUEST]: Responding to the client. handleGetEstimatedTaskTimings
[NX v22.0.4 Daemon Server] - 2025-11-19T22:05:40.880Z - Done responding to the client handleGetEstimatedTaskTimings
[NX v22.0.4 Daemon Server] - 2025-11-19T22:05:40.880Z - Handled json message GET_ESTIMATED_TASK_TIMINGS. Handling time: 1. Response time: 0.
[NX v22.0.4 Daemon Server] - 2025-11-19T22:06:02.143Z - [WATCHER]: tsconfig.base.json was modified
[NX v22.0.4 Daemon Server] - 2025-11-19T22:06:02.143Z - [WATCHER]: Processing file changes in outputs
[NX v22.0.4 Daemon Server] - 2025-11-19T22:06:02.198Z - [WATCHER]: Processing file changes in outputs
[NX v22.0.4 Daemon Server] - 2025-11-19T22:06:02.200Z - [WATCHER]: tsconfig.base.json was modified
[NX v22.0.4 Daemon Server] - 2025-11-19T22:06:02.267Z - [REQUEST]: Updated workspace context based on watched changes, recomputing project graph...
[NX v22.0.4 Daemon Server] - 2025-11-19T22:06:02.267Z - [REQUEST]: tsconfig.base.json
[NX v22.0.4 Daemon Server] - 2025-11-19T22:06:02.267Z - [REQUEST]: 
[NX v22.0.4 Daemon Server] - 2025-11-19T22:06:02.271Z - Time taken for 'hash changed files from watcher' 7.61449999990873ms
Time for 'nx/core/project-json:createNodes' 0.4007999999448657
Time for 'nx/core/package-json:createNodes' 0.6669000000692904
Time for 'nx/js/dependencies-and-lockfile:createNodes' 10.022500000195578
[NX v22.0.4 Daemon Server] - 2025-11-19T22:06:02.299Z - Time taken for 'build-project-configs' 17.705699999816716ms
Time for 'build typescript dependencies' 4.792500000214204
[NX v22.0.4 Daemon Server] - 2025-11-19T22:06:02.325Z - [SYNC]: collect registered sync generators
[NX v22.0.4 Daemon Server] - 2025-11-19T22:06:02.327Z - [SYNC]: project graph hash is the same, not collecting task sync generators
[NX v22.0.4 Daemon Server] - 2025-11-19T22:06:02.327Z - [SYNC]: nx.json hash is the same, not collecting global sync generators
[NX v22.0.4 Daemon Server] - 2025-11-19T22:06:02.327Z - Time taken for 'total execution time for createProjectGraph()' 34.059099999954924ms
[NX v22.0.4 Daemon Server] - 2025-11-19T22:06:03.487Z - [WATCHER]: Processing file changes in outputs
[NX v22.0.4 Daemon Server] - 2025-11-19T22:06:03.539Z - [WATCHER]: Processing file changes in outputs
[NX v22.0.4 Daemon Server] - 2025-11-19T22:06:03.541Z - [WATCHER]: tsconfig.base.json was modified
[NX v22.0.4 Daemon Server] - 2025-11-19T22:06:03.745Z - [REQUEST]: Updated workspace context based on watched changes, recomputing project graph...
[NX v22.0.4 Daemon Server] - 2025-11-19T22:06:03.745Z - [REQUEST]: tsconfig.base.json
[NX v22.0.4 Daemon Server] - 2025-11-19T22:06:03.745Z - [REQUEST]: 
[NX v22.0.4 Daemon Server] - 2025-11-19T22:06:03.747Z - Time taken for 'hash changed files from watcher' 1.1277999999001622ms
Time for 'nx/core/project-json:createNodes' 0.32199999992735684
Time for 'nx/core/package-json:createNodes' 0.591600000159815
Time for 'nx/js/dependencies-and-lockfile:createNodes' 10.482099999906495
[NX v22.0.4 Daemon Server] - 2025-11-19T22:06:03.773Z - Time taken for 'build-project-configs' 17.122699999948964ms
Time for 'build typescript dependencies' 0.038699999917298555
[NX v22.0.4 Daemon Server] - 2025-11-19T22:06:03.797Z - [SYNC]: collect registered sync generators
[NX v22.0.4 Daemon Server] - 2025-11-19T22:06:03.799Z - [SYNC]: project graph hash is the same, not collecting task sync generators
[NX v22.0.4 Daemon Server] - 2025-11-19T22:06:03.799Z - [SYNC]: nx.json hash is the same, not collecting global sync generators
[NX v22.0.4 Daemon Server] - 2025-11-19T22:06:03.799Z - Time taken for 'total execution time for createProjectGraph()' 29.17160000000149ms
[NX v22.0.4 Daemon Server] - 2025-11-19T22:06:05.620Z - Closed a connection. Number of open connections: 0
[NX v22.0.4 Daemon Server] - 2025-11-19T22:06:10.332Z - Established a connection. Number of open connections: 1
[NX v22.0.4 Daemon Server] - 2025-11-19T22:06:10.333Z - Closed a connection. Number of open connections: 0
[NX v22.0.4 Daemon Server] - 2025-11-19T22:06:10.335Z - Established a connection. Number of open connections: 1
[NX v22.0.4 Daemon Server] - 2025-11-19T22:06:10.339Z - Received raw message of length 32
[NX v22.0.4 Daemon Server] - 2025-11-19T22:06:10.339Z - Received json message of type REQUEST_PROJECT_GRAPH
[NX v22.0.4 Daemon Server] - 2025-11-19T22:06:10.340Z - [REQUEST]: Client Request for Project Graph Received
[NX v22.0.4 Daemon Server] - 2025-11-19T22:06:10.341Z - Reusing in-memory cached project graph because no files changed.
[NX v22.0.4 Daemon Server] - 2025-11-19T22:06:10.350Z - Wrote project graph cache to F:\BRAIN DRAIN\GIT\trade-store-full-router\.nx\workspace-data\project-graph.json
[NX v22.0.4 Daemon Server] - 2025-11-19T22:06:10.351Z - Serializing response for REQUEST_PROJECT_GRAPH message in json mode
[NX v22.0.4 Daemon Server] - 2025-11-19T22:06:10.351Z - Responding to REQUEST_PROJECT_GRAPH message
[NX v22.0.4 Daemon Server] - 2025-11-19T22:06:10.351Z - [REQUEST]: Responding to the client. project-graph
[NX v22.0.4 Daemon Server] - 2025-11-19T22:06:10.353Z - Time taken for 'total for creating and serializing project graph' 11.01659999997355ms
[NX v22.0.4 Daemon Server] - 2025-11-19T22:06:10.354Z - Done responding to the client project-graph
[NX v22.0.4 Daemon Server] - 2025-11-19T22:06:10.354Z - Handled json message REQUEST_PROJECT_GRAPH. Handling time: 12. Response time: 3.
[NX v22.0.4 Daemon Server] - 2025-11-19T22:06:10.364Z - Received raw message of length 505
[NX v22.0.4 Daemon Server] - 2025-11-19T22:06:10.364Z - Received json message of type PRE_TASKS_EXECUTION
[NX v22.0.4 Daemon Server] - 2025-11-19T22:06:10.366Z - Serializing response for PRE_TASKS_EXECUTION message in json mode
[NX v22.0.4 Daemon Server] - 2025-11-19T22:06:10.366Z - Responding to PRE_TASKS_EXECUTION message
[NX v22.0.4 Daemon Server] - 2025-11-19T22:06:10.366Z - [REQUEST]: Responding to the client. handleRunPreTasksExecution
[NX v22.0.4 Daemon Server] - 2025-11-19T22:06:10.366Z - Time taken for 'preTasksExecution' 1.3920999998226762ms
[NX v22.0.4 Daemon Server] - 2025-11-19T22:06:10.366Z - Done responding to the client handleRunPreTasksExecution
[NX v22.0.4 Daemon Server] - 2025-11-19T22:06:10.367Z - Handled json message PRE_TASKS_EXECUTION. Handling time: 2. Response time: 1.
[NX v22.0.4 Daemon Server] - 2025-11-19T22:06:10.458Z - Received raw message of length 6705
[NX v22.0.4 Daemon Server] - 2025-11-19T22:06:10.458Z - Received json message of type HASH_TASKS
[NX v22.0.4 Daemon Server] - 2025-11-19T22:06:10.459Z - Reusing in-memory cached project graph because no files changed.
[NX v22.0.4 Daemon Server] - 2025-11-19T22:06:10.468Z - Wrote project graph cache to F:\BRAIN DRAIN\GIT\trade-store-full-router\.nx\workspace-data\project-graph.json
DEBUG nx::native::tasks::hash_planner: get_plans_internal COMPLETED in 4.0353ms - processed 1 tasks (setup: 3.8116ms, parallel_planning: 211.2µs)
DEBUG nx::native::tasks::hashers::hash_workspace_files: Hashing workspace fileset{cache_key="nx.json,.gitignore,.nxignore"}: Adding "16567825333851776730" (".gitignore") to hash
DEBUG nx::native::tasks::hashers::hash_workspace_files: Hashing workspace fileset{cache_key="nx.json,.gitignore,.nxignore"}: Adding "9181765699712514183" ("nx.json") to hash
DEBUG nx::native::tasks::hashers::hash_workspace_files: Hashing workspace fileset{cache_key="nx.json,.gitignore,.nxignore"}: Hash Value: "10743472699591788082"
DEBUG nx::native::tasks::task_hasher: hash_plans COMPLETED in 4.0818ms - processed 1 plans (setup: 268.3µs, hashing: 3.8097ms, assembly: 1.2786ms)
[NX v22.0.4 Daemon Server] - 2025-11-19T22:06:10.487Z - Serializing response for HASH_TASKS message in json mode
[NX v22.0.4 Daemon Server] - 2025-11-19T22:06:10.488Z - Responding to HASH_TASKS message
[NX v22.0.4 Daemon Server] - 2025-11-19T22:06:10.488Z - [REQUEST]: Responding to the client. handleHashTasks
[NX v22.0.4 Daemon Server] - 2025-11-19T22:06:10.488Z - Time taken for 'write cache' 9.088600000133738ms
[NX v22.0.4 Daemon Server] - 2025-11-19T22:06:10.488Z - Done responding to the client handleHashTasks
[NX v22.0.4 Daemon Server] - 2025-11-19T22:06:10.488Z - Handled json message HASH_TASKS. Handling time: 29. Response time: 1.
[NX v22.0.4 Daemon Server] - 2025-11-19T22:06:10.631Z - Received raw message of length 89
[NX v22.0.4 Daemon Server] - 2025-11-19T22:06:10.631Z - Received json message of type GET_ESTIMATED_TASK_TIMINGS
[NX v22.0.4 Daemon Server] - 2025-11-19T22:06:10.632Z - Serializing response for GET_ESTIMATED_TASK_TIMINGS message in json mode
[NX v22.0.4 Daemon Server] - 2025-11-19T22:06:10.632Z - Responding to GET_ESTIMATED_TASK_TIMINGS message
[NX v22.0.4 Daemon Server] - 2025-11-19T22:06:10.632Z - [REQUEST]: Responding to the client. handleGetEstimatedTaskTimings
[NX v22.0.4 Daemon Server] - 2025-11-19T22:06:10.632Z - Done responding to the client handleGetEstimatedTaskTimings
[NX v22.0.4 Daemon Server] - 2025-11-19T22:06:10.632Z - Handled json message GET_ESTIMATED_TASK_TIMINGS. Handling time: 1. Response time: 0.
[NX v22.0.4 Daemon Server] - 2025-11-19T22:06:35.901Z - [WATCHER]: tsconfig.base.json was modified
[NX v22.0.4 Daemon Server] - 2025-11-19T22:06:35.902Z - [WATCHER]: Processing file changes in outputs
[NX v22.0.4 Daemon Server] - 2025-11-19T22:06:36.020Z - [REQUEST]: Updated workspace context based on watched changes, recomputing project graph...
[NX v22.0.4 Daemon Server] - 2025-11-19T22:06:36.021Z - [REQUEST]: tsconfig.base.json
[NX v22.0.4 Daemon Server] - 2025-11-19T22:06:36.021Z - [REQUEST]: 
[NX v22.0.4 Daemon Server] - 2025-11-19T22:06:36.024Z - Time taken for 'hash changed files from watcher' 8.447000000160187ms
Time for 'nx/core/project-json:createNodes' 0.34950000001117587
Time for 'nx/core/package-json:createNodes' 0.6769000000786036
Time for 'nx/js/dependencies-and-lockfile:createNodes' 10.154099999926984
[NX v22.0.4 Daemon Server] - 2025-11-19T22:06:36.050Z - Time taken for 'build-project-configs' 17.186599999899045ms
Time for 'build typescript dependencies' 4.385400000028312
[NX v22.0.4 Daemon Server] - 2025-11-19T22:06:36.077Z - [SYNC]: collect registered sync generators
[NX v22.0.4 Daemon Server] - 2025-11-19T22:06:36.079Z - [SYNC]: project graph hash is the same, not collecting task sync generators
[NX v22.0.4 Daemon Server] - 2025-11-19T22:06:36.080Z - [SYNC]: nx.json hash is the same, not collecting global sync generators
[NX v22.0.4 Daemon Server] - 2025-11-19T22:06:36.080Z - Time taken for 'total execution time for createProjectGraph()' 32.73310000007041ms
[NX v22.0.4 Daemon Server] - 2025-11-19T22:06:38.324Z - Closed a connection. Number of open connections: 0
[NX v22.0.4 Daemon Server] - 2025-11-19T22:06:43.394Z - Established a connection. Number of open connections: 1
[NX v22.0.4 Daemon Server] - 2025-11-19T22:06:43.394Z - Closed a connection. Number of open connections: 0
[NX v22.0.4 Daemon Server] - 2025-11-19T22:06:43.396Z - Established a connection. Number of open connections: 1
[NX v22.0.4 Daemon Server] - 2025-11-19T22:06:43.401Z - Received raw message of length 32
[NX v22.0.4 Daemon Server] - 2025-11-19T22:06:43.401Z - Received json message of type REQUEST_PROJECT_GRAPH
[NX v22.0.4 Daemon Server] - 2025-11-19T22:06:43.401Z - [REQUEST]: Client Request for Project Graph Received
[NX v22.0.4 Daemon Server] - 2025-11-19T22:06:43.403Z - Reusing in-memory cached project graph because no files changed.
[NX v22.0.4 Daemon Server] - 2025-11-19T22:06:43.413Z - Wrote project graph cache to F:\BRAIN DRAIN\GIT\trade-store-full-router\.nx\workspace-data\project-graph.json
[NX v22.0.4 Daemon Server] - 2025-11-19T22:06:43.414Z - Serializing response for REQUEST_PROJECT_GRAPH message in json mode
[NX v22.0.4 Daemon Server] - 2025-11-19T22:06:43.414Z - Responding to REQUEST_PROJECT_GRAPH message
[NX v22.0.4 Daemon Server] - 2025-11-19T22:06:43.414Z - [REQUEST]: Responding to the client. project-graph
[NX v22.0.4 Daemon Server] - 2025-11-19T22:06:43.415Z - Time taken for 'total for creating and serializing project graph' 12.697699999902397ms
[NX v22.0.4 Daemon Server] - 2025-11-19T22:06:43.417Z - Done responding to the client project-graph
[NX v22.0.4 Daemon Server] - 2025-11-19T22:06:43.418Z - Handled json message REQUEST_PROJECT_GRAPH. Handling time: 13. Response time: 4.
[NX v22.0.4 Daemon Server] - 2025-11-19T22:06:43.428Z - Received raw message of length 505
[NX v22.0.4 Daemon Server] - 2025-11-19T22:06:43.428Z - Received json message of type PRE_TASKS_EXECUTION
[NX v22.0.4 Daemon Server] - 2025-11-19T22:06:43.429Z - Serializing response for PRE_TASKS_EXECUTION message in json mode
[NX v22.0.4 Daemon Server] - 2025-11-19T22:06:43.429Z - Responding to PRE_TASKS_EXECUTION message
[NX v22.0.4 Daemon Server] - 2025-11-19T22:06:43.429Z - [REQUEST]: Responding to the client. handleRunPreTasksExecution
[NX v22.0.4 Daemon Server] - 2025-11-19T22:06:43.429Z - Time taken for 'preTasksExecution' 1.1772000000346452ms
[NX v22.0.4 Daemon Server] - 2025-11-19T22:06:43.429Z - Done responding to the client handleRunPreTasksExecution
[NX v22.0.4 Daemon Server] - 2025-11-19T22:06:43.429Z - Handled json message PRE_TASKS_EXECUTION. Handling time: 1. Response time: 0.
[NX v22.0.4 Daemon Server] - 2025-11-19T22:06:43.510Z - Received raw message of length 6705
[NX v22.0.4 Daemon Server] - 2025-11-19T22:06:43.510Z - Received json message of type HASH_TASKS
[NX v22.0.4 Daemon Server] - 2025-11-19T22:06:43.511Z - Reusing in-memory cached project graph because no files changed.
[NX v22.0.4 Daemon Server] - 2025-11-19T22:06:43.521Z - Wrote project graph cache to F:\BRAIN DRAIN\GIT\trade-store-full-router\.nx\workspace-data\project-graph.json
DEBUG nx::native::tasks::hash_planner: get_plans_internal COMPLETED in 5.2578ms - processed 1 tasks (setup: 4.8165ms, parallel_planning: 418.6µs)
DEBUG nx::native::tasks::hashers::hash_workspace_files: Hashing workspace fileset{cache_key="nx.json,.gitignore,.nxignore"}: Adding "16567825333851776730" (".gitignore") to hash
DEBUG nx::native::tasks::hashers::hash_workspace_files: Hashing workspace fileset{cache_key="nx.json,.gitignore,.nxignore"}: Adding "9181765699712514183" ("nx.json") to hash
DEBUG nx::native::tasks::hashers::hash_workspace_files: Hashing workspace fileset{cache_key="nx.json,.gitignore,.nxignore"}: Hash Value: "10743472699591788082"
DEBUG nx::native::tasks::task_hasher: hash_plans COMPLETED in 3.6909ms - processed 1 plans (setup: 446.2µs, hashing: 3.2378ms, assembly: 1.548ms)
[NX v22.0.4 Daemon Server] - 2025-11-19T22:06:43.547Z - Serializing response for HASH_TASKS message in json mode
[NX v22.0.4 Daemon Server] - 2025-11-19T22:06:43.547Z - Responding to HASH_TASKS message
[NX v22.0.4 Daemon Server] - 2025-11-19T22:06:43.547Z - [REQUEST]: Responding to the client. handleHashTasks
[NX v22.0.4 Daemon Server] - 2025-11-19T22:06:43.548Z - Time taken for 'write cache' 10.523399999830872ms
[NX v22.0.4 Daemon Server] - 2025-11-19T22:06:43.548Z - Done responding to the client handleHashTasks
[NX v22.0.4 Daemon Server] - 2025-11-19T22:06:43.548Z - Handled json message HASH_TASKS. Handling time: 37. Response time: 1.
[NX v22.0.4 Daemon Server] - 2025-11-19T22:06:43.667Z - Received raw message of length 89
[NX v22.0.4 Daemon Server] - 2025-11-19T22:06:43.667Z - Received json message of type GET_ESTIMATED_TASK_TIMINGS
[NX v22.0.4 Daemon Server] - 2025-11-19T22:06:43.668Z - Serializing response for GET_ESTIMATED_TASK_TIMINGS message in json mode
[NX v22.0.4 Daemon Server] - 2025-11-19T22:06:43.668Z - Responding to GET_ESTIMATED_TASK_TIMINGS message
[NX v22.0.4 Daemon Server] - 2025-11-19T22:06:43.668Z - [REQUEST]: Responding to the client. handleGetEstimatedTaskTimings
[NX v22.0.4 Daemon Server] - 2025-11-19T22:06:43.668Z - Done responding to the client handleGetEstimatedTaskTimings
[NX v22.0.4 Daemon Server] - 2025-11-19T22:06:43.668Z - Handled json message GET_ESTIMATED_TASK_TIMINGS. Handling time: 1. Response time: 0.
[NX v22.0.4 Daemon Server] - 2025-11-19T22:09:20.093Z - [WATCHER]: apps/trade-ui/vite.config.ts was modified
[NX v22.0.4 Daemon Server] - 2025-11-19T22:09:20.227Z - [WATCHER]: Processing file changes in outputs
[NX v22.0.4 Daemon Server] - 2025-11-19T22:09:20.280Z - [WATCHER]: Processing file changes in outputs
[NX v22.0.4 Daemon Server] - 2025-11-19T22:09:20.282Z - [WATCHER]: apps/trade-ui/vite.config.ts was modified
[NX v22.0.4 Daemon Server] - 2025-11-19T22:09:20.330Z - [REQUEST]: Updated workspace context based on watched changes, recomputing project graph...
[NX v22.0.4 Daemon Server] - 2025-11-19T22:09:20.331Z - [REQUEST]: apps/trade-ui/vite.config.ts
[NX v22.0.4 Daemon Server] - 2025-11-19T22:09:20.331Z - [REQUEST]: 
[NX v22.0.4 Daemon Server] - 2025-11-19T22:09:20.334Z - Time taken for 'hash changed files from watcher' 0.7227999998722225ms
Time for 'nx/core/project-json:createNodes' 0.7951999998185784
Time for 'nx/core/package-json:createNodes' 1.3129999998491257
Time for 'nx/js/dependencies-and-lockfile:createNodes' 15.104700000025332
[NX v22.0.4 Daemon Server] - 2025-11-19T22:09:20.375Z - Time taken for 'build-project-configs' 26.394000000087544ms
Time for 'build typescript dependencies' 5.356300000101328
[NX v22.0.4 Daemon Server] - 2025-11-19T22:09:20.413Z - [SYNC]: collect registered sync generators
[NX v22.0.4 Daemon Server] - 2025-11-19T22:09:20.415Z - [SYNC]: project graph hash is the same, not collecting task sync generators
[NX v22.0.4 Daemon Server] - 2025-11-19T22:09:20.416Z - [SYNC]: nx.json hash is the same, not collecting global sync generators
[NX v22.0.4 Daemon Server] - 2025-11-19T22:09:20.416Z - Time taken for 'total execution time for createProjectGraph()' 48.973500000080094ms
[NX v22.0.4 Daemon Server] - 2025-11-19T22:09:39.724Z - [WATCHER]: apps/trade-ui/vite.config.ts was modified
[NX v22.0.4 Daemon Server] - 2025-11-19T22:09:39.742Z - [WATCHER]: Processing file changes in outputs
[NX v22.0.4 Daemon Server] - 2025-11-19T22:09:39.801Z - [WATCHER]: apps/trade-ui/vite.config.ts was modified
[NX v22.0.4 Daemon Server] - 2025-11-19T22:09:39.801Z - [WATCHER]: Processing file changes in outputs
[NX v22.0.4 Daemon Server] - 2025-11-19T22:09:39.947Z - [REQUEST]: Updated workspace context based on watched changes, recomputing project graph...
[NX v22.0.4 Daemon Server] - 2025-11-19T22:09:39.947Z - [REQUEST]: apps/trade-ui/vite.config.ts
[NX v22.0.4 Daemon Server] - 2025-11-19T22:09:39.947Z - [REQUEST]: 
[NX v22.0.4 Daemon Server] - 2025-11-19T22:09:39.950Z - Time taken for 'hash changed files from watcher' 0.22990000015124679ms
Time for 'nx/core/project-json:createNodes' 0.3223999999463558
Time for 'nx/core/package-json:createNodes' 0.6378000001423061
Time for 'nx/js/dependencies-and-lockfile:createNodes' 9.76299999980256
[NX v22.0.4 Daemon Server] - 2025-11-19T22:09:39.975Z - Time taken for 'build-project-configs' 16.877600000007078ms
Time for 'build typescript dependencies' 2.4975000000558794
[NX v22.0.4 Daemon Server] - 2025-11-19T22:09:39.998Z - [SYNC]: collect registered sync generators
[NX v22.0.4 Daemon Server] - 2025-11-19T22:09:40.000Z - [SYNC]: project graph hash is the same, not collecting task sync generators
[NX v22.0.4 Daemon Server] - 2025-11-19T22:09:40.000Z - [SYNC]: nx.json hash is the same, not collecting global sync generators
[NX v22.0.4 Daemon Server] - 2025-11-19T22:09:40.000Z - Time taken for 'total execution time for createProjectGraph()' 28.996299999998882ms
[NX v22.0.4 Daemon Server] - 2025-11-19T22:09:51.435Z - [WATCHER]: Processing file changes in outputs
[NX v22.0.4 Daemon Server] - 2025-11-19T22:09:51.509Z - [WATCHER]: Processing file changes in outputs
[NX v22.0.4 Daemon Server] - 2025-11-19T22:09:51.513Z - [WATCHER]: apps/trade-ui/project.json was modified
[NX v22.0.4 Daemon Server] - 2025-11-19T22:09:51.928Z - [REQUEST]: Updated workspace context based on watched changes, recomputing project graph...
[NX v22.0.4 Daemon Server] - 2025-11-19T22:09:51.928Z - [REQUEST]: apps/trade-ui/project.json
[NX v22.0.4 Daemon Server] - 2025-11-19T22:09:51.928Z - [REQUEST]: 
[NX v22.0.4 Daemon Server] - 2025-11-19T22:09:51.932Z - Time taken for 'hash changed files from watcher' 8.222399999853224ms
Time for 'nx/core/project-json:createNodes' 0.33920000004582107
Time for 'nx/core/package-json:createNodes' 0.6766999999526888
Time for 'nx/js/dependencies-and-lockfile:createNodes' 11.478599999798462
[NX v22.0.4 Daemon Server] - 2025-11-19T22:09:51.962Z - Time taken for 'build-project-configs' 20.513800000073388ms
Time for 'build typescript dependencies' 3.256400000071153
[NX v22.0.4 Daemon Server] - 2025-11-19T22:09:51.987Z - [SYNC]: collect registered sync generators
[NX v22.0.4 Daemon Server] - 2025-11-19T22:09:51.990Z - [SYNC]: nx.json hash is the same, not collecting global sync generators
[NX v22.0.4 Daemon Server] - 2025-11-19T22:09:51.990Z - Time taken for 'total execution time for createProjectGraph()' 30.813700000056997ms
[NX v22.0.4 Daemon Server] - 2025-11-19T22:09:55.594Z - Closed a connection. Number of open connections: 0
[NX v22.0.4 Daemon Server] - 2025-11-19T22:10:01.637Z - Established a connection. Number of open connections: 1
[NX v22.0.4 Daemon Server] - 2025-11-19T22:10:01.638Z - Closed a connection. Number of open connections: 0
[NX v22.0.4 Daemon Server] - 2025-11-19T22:10:01.639Z - Established a connection. Number of open connections: 1
[NX v22.0.4 Daemon Server] - 2025-11-19T22:10:01.645Z - Received raw message of length 32
[NX v22.0.4 Daemon Server] - 2025-11-19T22:10:01.645Z - Received json message of type REQUEST_PROJECT_GRAPH
[NX v22.0.4 Daemon Server] - 2025-11-19T22:10:01.645Z - [REQUEST]: Client Request for Project Graph Received
[NX v22.0.4 Daemon Server] - 2025-11-19T22:10:01.647Z - Reusing in-memory cached project graph because no files changed.
[NX v22.0.4 Daemon Server] - 2025-11-19T22:10:01.656Z - Wrote project graph cache to F:\BRAIN DRAIN\GIT\trade-store-full-router\.nx\workspace-data\project-graph.json
[NX v22.0.4 Daemon Server] - 2025-11-19T22:10:01.657Z - Serializing response for REQUEST_PROJECT_GRAPH message in json mode
[NX v22.0.4 Daemon Server] - 2025-11-19T22:10:01.657Z - Responding to REQUEST_PROJECT_GRAPH message
[NX v22.0.4 Daemon Server] - 2025-11-19T22:10:01.657Z - [REQUEST]: Responding to the client. project-graph
[NX v22.0.4 Daemon Server] - 2025-11-19T22:10:01.659Z - Time taken for 'total for creating and serializing project graph' 11.908800000092015ms
[NX v22.0.4 Daemon Server] - 2025-11-19T22:10:01.661Z - Done responding to the client project-graph
[NX v22.0.4 Daemon Server] - 2025-11-19T22:10:01.661Z - Handled json message REQUEST_PROJECT_GRAPH. Handling time: 12. Response time: 4.
[NX v22.0.4 Daemon Server] - 2025-11-19T22:10:01.671Z - Received raw message of length 493
[NX v22.0.4 Daemon Server] - 2025-11-19T22:10:01.671Z - Received json message of type PRE_TASKS_EXECUTION
[NX v22.0.4 Daemon Server] - 2025-11-19T22:10:01.673Z - Serializing response for PRE_TASKS_EXECUTION message in json mode
[NX v22.0.4 Daemon Server] - 2025-11-19T22:10:01.673Z - Responding to PRE_TASKS_EXECUTION message
[NX v22.0.4 Daemon Server] - 2025-11-19T22:10:01.673Z - [REQUEST]: Responding to the client. handleRunPreTasksExecution
[NX v22.0.4 Daemon Server] - 2025-11-19T22:10:01.673Z - Time taken for 'preTasksExecution' 1.1023999999742955ms
[NX v22.0.4 Daemon Server] - 2025-11-19T22:10:01.673Z - Done responding to the client handleRunPreTasksExecution
[NX v22.0.4 Daemon Server] - 2025-11-19T22:10:01.673Z - Handled json message PRE_TASKS_EXECUTION. Handling time: 1. Response time: 0.
[NX v22.0.4 Daemon Server] - 2025-11-19T22:10:01.767Z - Received raw message of length 6659
[NX v22.0.4 Daemon Server] - 2025-11-19T22:10:01.767Z - Received json message of type HASH_TASKS
[NX v22.0.4 Daemon Server] - 2025-11-19T22:10:01.768Z - Reusing in-memory cached project graph because no files changed.
[NX v22.0.4 Daemon Server] - 2025-11-19T22:10:01.781Z - Wrote project graph cache to F:\BRAIN DRAIN\GIT\trade-store-full-router\.nx\workspace-data\project-graph.json
DEBUG nx::native::tasks::hash_planner: get_plans_internal COMPLETED in 3.9511ms - processed 1 tasks (setup: 3.7336ms, parallel_planning: 208.4µs)
DEBUG nx::native::tasks::hashers::hash_workspace_files: Hashing workspace fileset{cache_key="nx.json,.gitignore,.nxignore"}: Adding "16567825333851776730" (".gitignore") to hash
DEBUG nx::native::tasks::hashers::hash_workspace_files: Hashing workspace fileset{cache_key="nx.json,.gitignore,.nxignore"}: Adding "9181765699712514183" ("nx.json") to hash
DEBUG nx::native::tasks::hashers::hash_workspace_files: Hashing workspace fileset{cache_key="nx.json,.gitignore,.nxignore"}: Hash Value: "10743472699591788082"
DEBUG nx::native::tasks::task_hasher: hash_plans COMPLETED in 2.9383ms - processed 1 plans (setup: 282.7µs, hashing: 2.6516ms, assembly: 1.3614ms)
[NX v22.0.4 Daemon Server] - 2025-11-19T22:10:01.806Z - Serializing response for HASH_TASKS message in json mode
[NX v22.0.4 Daemon Server] - 2025-11-19T22:10:01.806Z - Responding to HASH_TASKS message
[NX v22.0.4 Daemon Server] - 2025-11-19T22:10:01.806Z - [REQUEST]: Responding to the client. handleHashTasks
[NX v22.0.4 Daemon Server] - 2025-11-19T22:10:01.806Z - Time taken for 'write cache' 12.353899999987334ms
[NX v22.0.4 Daemon Server] - 2025-11-19T22:10:01.807Z - Done responding to the client handleHashTasks
[NX v22.0.4 Daemon Server] - 2025-11-19T22:10:01.807Z - Handled json message HASH_TASKS. Handling time: 39. Response time: 1.
[NX v22.0.4 Daemon Server] - 2025-11-19T22:10:01.956Z - Received raw message of length 89
[NX v22.0.4 Daemon Server] - 2025-11-19T22:10:01.956Z - Received json message of type GET_ESTIMATED_TASK_TIMINGS
[NX v22.0.4 Daemon Server] - 2025-11-19T22:10:01.957Z - Serializing response for GET_ESTIMATED_TASK_TIMINGS message in json mode
[NX v22.0.4 Daemon Server] - 2025-11-19T22:10:01.957Z - Responding to GET_ESTIMATED_TASK_TIMINGS message
[NX v22.0.4 Daemon Server] - 2025-11-19T22:10:01.957Z - [REQUEST]: Responding to the client. handleGetEstimatedTaskTimings
[NX v22.0.4 Daemon Server] - 2025-11-19T22:10:01.957Z - Done responding to the client handleGetEstimatedTaskTimings
[NX v22.0.4 Daemon Server] - 2025-11-19T22:10:01.957Z - Handled json message GET_ESTIMATED_TASK_TIMINGS. Handling time: 1. Response time: 0.
[NX v22.0.4 Daemon Server] - 2025-11-19T22:16:49.508Z - Closed a connection. Number of open connections: 0
